#
# A fatal error has been detected by the Java Runtime Environment:
#
#  SIGBUS (0xa) at pc=0x0000000307ee6360, pid=2630, tid=43779
#
# JRE version: OpenJDK Runtime Environment Corretto-11.0.17.8.1 (11.0.17+8) (build 11.0.17+8-LTS)
# Java VM: OpenJDK 64-Bit Server VM Corretto-11.0.17.8.1 (11.0.17+8-LTS, mixed mode, tiered, compressed oops, g1 gc, bsd-amd64)
# Problematic frame:
# C  0x0000000307ee6360
#
# No core dump will be written. Core dumps have been disabled. To enable core dumping, try "ulimit -c unlimited" before starting Java again
#
# If you would like to submit a bug report, please visit:
#   https://github.com/corretto/corretto-11/issues/
#

---------------  S U M M A R Y ------------

Command Line: -XX:TieredStopAtLevel=1 -Xverify:none -Dspring.profiles.active=test -Dspring.output.ansi.enabled=always -Dcom.sun.management.jmxremote -Dspring.jmx.enabled=true -Dspring.liveBeansView.mbeanDomain -Dspring.application.admin.enabled=true -javaagent:/Applications/IntelliJ IDEA.app/Contents/lib/idea_rt.jar=50327:/Applications/IntelliJ IDEA.app/Contents/bin -agentpath:/private/var/folders/8g/tt9j8nrn27b89mmc4_sqs8ch0000gn/T/libasyncProfiler.so=start,jfr,event=cpu,interval=1ms,jfrsync=profile,file=/Users/sergeyshakhov/ShareItApp_2022_12_27_205112.jfr -Dfile.encoding=UTF-8 ru.practicum.shareit.ShareItApp

Host: MacBookPro18,1 x86_64 2400 MHz, 10 cores, 16G, Darwin 22.1.0
Time: Tue Dec 27 20:51:14 2022 CET elapsed time: 2.231143 seconds (0d 0h 0m 2s)

---------------  T H R E A D  ---------------

Current thread (0x00007f8ab168b800):  JavaThread "RMI TCP Connection(1)-192.168.8.162" daemon [_thread_in_vm, id=43779, stack(0x0000000307dec000,0x0000000307eec000)]

Stack: [0x0000000307dec000,0x0000000307eec000],  sp=0x0000000307ee6168,  free space=1000k
Native frames: (J=compiled Java code, A=aot compiled Java code, j=interpreted, Vv=VM code, C=native code)
C  0x0000000307ee6360
J 521 c1 jdk.internal.reflect.ByteVectorImpl.add(B)V java.base@11.0.17 (38 bytes) @ 0x00000001154b7824 [0x00000001154b77c0+0x0000000000000064]

[error occurred during error reporting (printing native stack), id 0xb, SIGSEGV (0xb) at pc=0x000000010a68624d]


siginfo: si_signo: 10 (SIGBUS), si_code: 2 (BUS_ADRERR), si_addr: 0x0000000307ee6360

Register to memory mapping:

RAX=0x0000000100fd4000 points into unknown readable memory: 0x0000000000000000 | 00 00 00 00 00 00 00 00
RBX={method} {0x000000012f6ae2d8} 'arraycopy' '(Ljava/lang/Object;ILjava/lang/Object;II)V' in 'java/lang/System'
RCX=0x00007f8ab1a36d60 points into unknown readable memory: 0x000000070f634aa8 | a8 4a 63 0f 07 00 00 00
RDX=0x0000000000000004 is an unknown value
RSP=0x0000000307ee6168 is pointing into the stack for thread: 0x00007f8ab168b800
RBP=0x0000000307ee61e0 is pointing into the stack for thread: 0x00007f8ab168b800
RSI=0x0000000000000001 is an unknown value
RDI=0x00007f8ab168b800 is a thread
R8 =0x0 is NULL
R9 =0x00000000000000c8 is an unknown value
R10=0x0 is NULL
R11=0x00000001153f4d68 is at entry_point+40 in (nmethod*)0x00000001153f4b90
R12=0x0 is NULL
R13=0x0000000307ee6170 is pointing into the stack for thread: 0x00007f8ab168b800
R14=0x0000000307ee6138 is pointing into the stack for thread: 0x00007f8ab168b800
R15=0x00007f8ab168b800 is a thread


Registers:
RAX=0x0000000100fd4000, RBX=0x000000012f6ae2d8, RCX=0x00007f8ab1a36d60, RDX=0x0000000000000004
RSP=0x0000000307ee6168, RBP=0x0000000307ee61e0, RSI=0x0000000000000001, RDI=0x00007f8ab168b800
R8 =0x0000000000000000, R9 =0x00000000000000c8, R10=0x0000000000000000, R11=0x00000001153f4d68
R12=0x0000000000000000, R13=0x0000000307ee6170, R14=0x0000000307ee6138, R15=0x00007f8ab168b800
RIP=0x0000000307ee6360, EFLAGS=0x0000000000000246, ERR=0x0000000000000015
  TRAPNO=0x000000000000000e

Top of Stack: (sp=0x0000000307ee6168)
0x0000000307ee6168:   0000000114cc3267 00000000000000c8
0x0000000307ee6178:   0000000000000000 000000070f634fb8
0x0000000307ee6188:   0000000000000000 000000070f634d88
0x0000000307ee6198:   0000000307ee6198 000000012fe7548b
0x0000000307ee61a8:   0000000307ee6200 000000012fe75548
0x0000000307ee61b8:   0000000000000000 000000070029c4c8
0x0000000307ee61c8:   000000012fe754c8 0000000307ee6170
0x0000000307ee61d8:   0000000307ee6210 0000000307ee6360
0x0000000307ee61e8:   00000001154b7824 000000070f634fb8
0x0000000307ee61f8:   0000000700000190 000000070f634ab8
0x0000000307ee6208:   00000001154b7824 0000000307ee6278
0x0000000307ee6218:   0000000100000003 000000070f634fa0
0x0000000307ee6228:   000000011542830c 000000070f634ab8
0x0000000307ee6238:   0000000100000029 0000000307ee6290
0x0000000307ee6248:   000000012fe72470 0000000307ee6360
0x0000000307ee6258:   00000001154f270c 000000070f634f38
0x0000000307ee6268:   0000000000000003 000000070f634f50
0x0000000307ee6278:   0000000114cc2fc0 0000000307ee62e8
0x0000000307ee6288:   0000000114cc2fc0 0000000114cc2fc0
0x0000000307ee6298:   000000070f634f38 0000000307ee62a0
0x0000000307ee62a8:   000000012fe6e3c4 0000000307ee6308
0x0000000307ee62b8:   000000070f634b48 000000070f634f70
0x0000000307ee62c8:   000000070f634fa0 0000000300000003
0x0000000307ee62d8:   0000000300000000 0000002900000001
0x0000000307ee62e8:   0000000307ee6360 0000000307ee6360
0x0000000307ee62f8:   0000000114cc3267 0000000114cc3267
0x0000000307ee6308:   000000070f634f70 000000070f634b48
0x0000000307ee6318:   0000000307ee6318 000000012fe6d788
0x0000000307ee6328:   0000000307ee63f0 000000012fe73220
0x0000000307ee6338:   0000000000000000 00000007002998f0
0x0000000307ee6348:   000000012fe6da78 0000000307ee6308
0x0000000307ee6358:   0000000307ee63a8 0000000307ee6440 

Instructions: (pc=0x0000000307ee6360)
0x0000000307ee6260:   38 4f 63 0f 07 00 00 00 03 00 00 00 00 00 00 00
0x0000000307ee6270:   50 4f 63 0f 07 00 00 00 c0 2f cc 14 01 00 00 00
0x0000000307ee6280:   e8 62 ee 07 03 00 00 00 c0 2f cc 14 01 00 00 00
0x0000000307ee6290:   c0 2f cc 14 01 00 00 00 38 4f 63 0f 07 00 00 00
0x0000000307ee62a0:   a0 62 ee 07 03 00 00 00 c4 e3 e6 2f 01 00 00 00
0x0000000307ee62b0:   08 63 ee 07 03 00 00 00 48 4b 63 0f 07 00 00 00
0x0000000307ee62c0:   70 4f 63 0f 07 00 00 00 a0 4f 63 0f 07 00 00 00
0x0000000307ee62d0:   03 00 00 00 03 00 00 00 00 00 00 00 03 00 00 00
0x0000000307ee62e0:   01 00 00 00 29 00 00 00 60 63 ee 07 03 00 00 00
0x0000000307ee62f0:   60 63 ee 07 03 00 00 00 67 32 cc 14 01 00 00 00
0x0000000307ee6300:   67 32 cc 14 01 00 00 00 70 4f 63 0f 07 00 00 00
0x0000000307ee6310:   48 4b 63 0f 07 00 00 00 18 63 ee 07 03 00 00 00
0x0000000307ee6320:   88 d7 e6 2f 01 00 00 00 f0 63 ee 07 03 00 00 00
0x0000000307ee6330:   20 32 e7 2f 01 00 00 00 00 00 00 00 00 00 00 00
0x0000000307ee6340:   f0 98 29 00 07 00 00 00 78 da e6 2f 01 00 00 00
0x0000000307ee6350:   08 63 ee 07 03 00 00 00 a8 63 ee 07 03 00 00 00
0x0000000307ee6360:   40 64 ee 07 03 00 00 00 c0 2f cc 14 01 00 00 00
0x0000000307ee6370:   00 00 00 00 00 00 00 00 00 00 00 00 00 00 00 00
0x0000000307ee6380:   08 00 00 00 00 00 00 00 80 4c 63 0f 07 00 00 00
0x0000000307ee6390:   01 00 00 00 00 00 00 00 75 00 00 00 00 00 00 00
0x0000000307ee63a0:   b8 4a 63 0f 07 00 00 00 48 5a 70 0e 07 00 00 00
0x0000000307ee63b0:   01 00 00 00 00 00 00 00 01 00 00 00 00 00 00 00
0x0000000307ee63c0:   01 00 00 00 00 00 00 00 a8 4a 63 0f 07 00 00 00
0x0000000307ee63d0:   d8 a2 73 0e 07 00 00 00 98 4a 63 0f 07 00 00 00
0x0000000307ee63e0:   88 49 78 0e 07 00 00 00 38 ba 62 0f 07 00 00 00
0x0000000307ee63f0:   08 4a 63 0f 07 00 00 00 f8 63 ee 07 03 00 00 00
0x0000000307ee6400:   4f d5 e6 2f 01 00 00 00 78 64 ee 07 03 00 00 00
0x0000000307ee6410:   20 32 e7 2f 01 00 00 00 00 00 00 00 00 00 00 00
0x0000000307ee6420:   f0 98 29 00 07 00 00 00 b0 d5 e6 2f 01 00 00 00
0x0000000307ee6430:   a8 63 ee 07 03 00 00 00 50 64 ee 07 03 00 00 00
0x0000000307ee6440:   c8 64 ee 07 03 00 00 00 c0 2f cc 14 01 00 00 00
0x0000000307ee6450:   48 5a 70 0e 07 00 00 00 01 00 00 00 00 00 00 00 


Stack slot to memory mapping:
stack at sp + 0 slots: 0x0000000114cc3267 is at code_begin+2343 in an Interpreter codelet
invoke return entry points  [0x0000000114cc2940, 0x0000000114cc3340]  2560 bytes
stack at sp + 1 slots: 0x00000000000000c8 is an unknown value
stack at sp + 2 slots: 0x0 is NULL
stack at sp + 3 slots: 0x000000070f634fb8 is an oop: [B 
{0x000000070f634fb8} - klass: {type array byte}
 - length: 400
stack at sp + 4 slots: 0x0 is NULL
stack at sp + 5 slots: 0x000000070f634d88 is an oop: [B 
{0x000000070f634d88} - klass: {type array byte}
 - length: 200
stack at sp + 6 slots: 0x0000000307ee6198 is pointing into the stack for thread: 0x00007f8ab168b800
stack at sp + 7 slots: 0x000000012fe7548b is pointing into metadata


---------------  P R O C E S S  ---------------

Threads class SMR info:
_java_thread_list=0x0000600001167220, length=16, elements={
0x00007f8a81100000, 0x00007f8aa11b3000, 0x00007f8aa11b8000, 0x00007f8a810f9800,
0x00007f8a810fc800, 0x00007f8a810fd800, 0x00007f8aa11b9000, 0x00007f8ab2852800,
0x00007f8ab2853800, 0x00007f8aa125d800, 0x00007f8ab1638000, 0x00007f8ab296b800,
0x00007f8ab1640000, 0x00007f8ab165d800, 0x00007f8aa1382000, 0x00007f8ab168b800
}

Java Threads: ( => current thread )
  0x00007f8a81100000 JavaThread "main" [_thread_blocked, id=8707, stack(0x000000030618a000,0x000000030628a000)]
  0x00007f8aa11b3000 JavaThread "Reference Handler" daemon [_thread_blocked, id=19203, stack(0x000000030689f000,0x000000030699f000)]
  0x00007f8aa11b8000 JavaThread "Finalizer" daemon [_thread_blocked, id=18435, stack(0x00000003069a2000,0x0000000306aa2000)]
  0x00007f8a810f9800 JavaThread "Signal Dispatcher" daemon [_thread_blocked, id=31747, stack(0x0000000306bb3000,0x0000000306cb3000)]
  0x00007f8a810fc800 JavaThread "Service Thread" daemon [_thread_blocked, id=31491, stack(0x0000000306cb6000,0x0000000306db6000)]
  0x00007f8a810fd800 JavaThread "C1 CompilerThread0" daemon [_thread_blocked, id=25091, stack(0x0000000306db9000,0x0000000306eb9000)]
  0x00007f8aa11b9000 JavaThread "Sweeper thread" daemon [_thread_blocked, id=30467, stack(0x0000000306ebc000,0x0000000306fbc000)]
  0x00007f8ab2852800 JavaThread "Common-Cleaner" daemon [_thread_blocked, id=25859, stack(0x0000000306fbf000,0x00000003070bf000)]
  0x00007f8ab2853800 JavaThread "Monitor Ctrl-Break" daemon [_thread_in_native, id=26371, stack(0x00000003070c2000,0x00000003071c2000)]
  0x00007f8aa125d800 JavaThread "JFR Recorder Thread" daemon [_thread_blocked, id=28163, stack(0x00000003071c5000,0x00000003072c5000)]
  0x00007f8ab1638000 JavaThread "JFR Periodic Tasks" daemon [_thread_blocked, id=32771, stack(0x00000003072c8000,0x00000003073c8000)]
  0x00007f8ab296b800 JavaThread "JFR Recording Scheduler" daemon [_thread_blocked, id=34051, stack(0x00000003074ce000,0x00000003075ce000)]
  0x00007f8ab1640000 JavaThread "Async-profiler Timer" daemon [_thread_in_native, id=33543, stack(0x0000000307a60000,0x0000000307ae0000)]
  0x00007f8ab165d800 JavaThread "RMI TCP Accept-0" daemon [_thread_in_native, id=36355, stack(0x0000000307ae3000,0x0000000307be3000)]
  0x00007f8aa1382000 JavaThread "Attach Listener" daemon [_thread_blocked, id=38403, stack(0x0000000307ce9000,0x0000000307de9000)]
=>0x00007f8ab168b800 JavaThread "RMI TCP Connection(1)-192.168.8.162" daemon [_thread_in_vm, id=43779, stack(0x0000000307dec000,0x0000000307eec000)]

Other Threads:
  0x00007f8ab1267800 VMThread "VM Thread" [stack: 0x000000030679c000,0x000000030689c000] [id=17411]
  0x00007f8ab299a800 WatcherThread [stack: 0x0000000307be6000,0x0000000307ce6000] [id=36619]
  0x00007f8ab1168800 GCTaskThread "GC Thread#0" [stack: 0x000000030628d000,0x000000030638d000] [id=12291]
  0x00007f8ab2969800 GCTaskThread "GC Thread#1" [stack: 0x00000003073cb000,0x00000003074cb000] [id=34667]
  0x00007f8ab296d800 GCTaskThread "GC Thread#2" [stack: 0x00000003075d1000,0x00000003076d1000] [id=42499]
  0x00007f8ab296e000 GCTaskThread "GC Thread#3" [stack: 0x00000003076d4000,0x00000003077d4000] [id=42243]
  0x00007f8ab296f800 GCTaskThread "GC Thread#4" [stack: 0x00000003077d7000,0x00000003078d7000] [id=35075]
  0x00007f8ab2970000 GCTaskThread "GC Thread#5" [stack: 0x00000003078da000,0x00000003079da000] [id=41475]
  0x00007f8ab2889000 ConcurrentGCThread "G1 Main Marker" [stack: 0x0000000306390000,0x0000000306490000] [id=12547]
  0x00007f8ab1169800 ConcurrentGCThread "G1 Conc#0" [stack: 0x0000000306493000,0x0000000306593000] [id=21507]
  0x00007f8ab120e000 ConcurrentGCThread "G1 Refine#0" [stack: 0x0000000306596000,0x0000000306696000] [id=20995]
  0x00007f8ab120f000 ConcurrentGCThread "G1 Young RemSet Sampling" [stack: 0x0000000306699000,0x0000000306799000] [id=16643]

Threads with active compile tasks:

VM state:synchronizing (normal execution)

VM Mutex/Monitor currently owned by a thread:  ([mutex/lock_event])
[0x000060000345b980] Threads_lock - owner thread: 0x00007f8ab1267800

Heap address: 0x0000000700000000, size: 4096 MB, Compressed Oops mode: Zero based, Oop shift amount: 3
Narrow klass base: 0x0000000800000000, Narrow klass shift: 0
Compressed class space size: 1073741824 Address: 0x0000000800000000

Heap:
 garbage-first heap   total 262144K, used 15931K [0x0000000700000000, 0x0000000800000000)
  region size 1024K, 13 young (13312K), 3 survivors (3072K)
 Metaspace       used 16101K, capacity 16614K, committed 16768K, reserved 1064960K
  class space    used 1667K, capacity 1845K, committed 1920K, reserved 1048576K
Heap Regions: E=young(eden), S=young(survivor), O=old, HS=humongous(starts), HC=humongous(continues), CS=collection set, F=free, A=archive, TAMS=top-at-mark-start (previous, next)
|   0|0x0000000700000000, 0x0000000700100000, 0x0000000700100000|100%|HS|  |TAMS 0x0000000700000000, 0x0000000700000000| Complete 
|   1|0x0000000700100000, 0x0000000700200000, 0x0000000700200000|100%| O|  |TAMS 0x0000000700100000, 0x0000000700100000| Untracked 
|   2|0x0000000700200000, 0x0000000700300000, 0x0000000700300000|100%| O|  |TAMS 0x0000000700200000, 0x0000000700200000| Untracked 
|   3|0x0000000700300000, 0x000000070038ee00, 0x0000000700400000| 55%| O|  |TAMS 0x0000000700300000, 0x0000000700300000| Untracked 
|   4|0x0000000700400000, 0x0000000700400000, 0x0000000700500000|  0%| F|  |TAMS 0x0000000700400000, 0x0000000700400000| Untracked 
|   5|0x0000000700500000, 0x0000000700500000, 0x0000000700600000|  0%| F|  |TAMS 0x0000000700500000, 0x0000000700500000| Untracked 
|   6|0x0000000700600000, 0x0000000700600000, 0x0000000700700000|  0%| F|  |TAMS 0x0000000700600000, 0x0000000700600000| Untracked 
|   7|0x0000000700700000, 0x0000000700700000, 0x0000000700800000|  0%| F|  |TAMS 0x0000000700700000, 0x0000000700700000| Untracked 
|   8|0x0000000700800000, 0x0000000700800000, 0x0000000700900000|  0%| F|  |TAMS 0x0000000700800000, 0x0000000700800000| Untracked 
|   9|0x0000000700900000, 0x0000000700900000, 0x0000000700a00000|  0%| F|  |TAMS 0x0000000700900000, 0x0000000700900000| Untracked 
|  10|0x0000000700a00000, 0x0000000700a00000, 0x0000000700b00000|  0%| F|  |TAMS 0x0000000700a00000, 0x0000000700a00000| Untracked 
|  11|0x0000000700b00000, 0x0000000700b00000, 0x0000000700c00000|  0%| F|  |TAMS 0x0000000700b00000, 0x0000000700b00000| Untracked 
|  12|0x0000000700c00000, 0x0000000700c00000, 0x0000000700d00000|  0%| F|  |TAMS 0x0000000700c00000, 0x0000000700c00000| Untracked 
|  13|0x0000000700d00000, 0x0000000700d00000, 0x0000000700e00000|  0%| F|  |TAMS 0x0000000700d00000, 0x0000000700d00000| Untracked 
|  14|0x0000000700e00000, 0x0000000700e00000, 0x0000000700f00000|  0%| F|  |TAMS 0x0000000700e00000, 0x0000000700e00000| Untracked 
|  15|0x0000000700f00000, 0x0000000700f00000, 0x0000000701000000|  0%| F|  |TAMS 0x0000000700f00000, 0x0000000700f00000| Untracked 
|  16|0x0000000701000000, 0x0000000701000000, 0x0000000701100000|  0%| F|  |TAMS 0x0000000701000000, 0x0000000701000000| Untracked 
|  17|0x0000000701100000, 0x0000000701100000, 0x0000000701200000|  0%| F|  |TAMS 0x0000000701100000, 0x0000000701100000| Untracked 
|  18|0x0000000701200000, 0x0000000701200000, 0x0000000701300000|  0%| F|  |TAMS 0x0000000701200000, 0x0000000701200000| Untracked 
|  19|0x0000000701300000, 0x0000000701300000, 0x0000000701400000|  0%| F|  |TAMS 0x0000000701300000, 0x0000000701300000| Untracked 
|  20|0x0000000701400000, 0x0000000701400000, 0x0000000701500000|  0%| F|  |TAMS 0x0000000701400000, 0x0000000701400000| Untracked 
|  21|0x0000000701500000, 0x0000000701500000, 0x0000000701600000|  0%| F|  |TAMS 0x0000000701500000, 0x0000000701500000| Untracked 
|  22|0x0000000701600000, 0x0000000701600000, 0x0000000701700000|  0%| F|  |TAMS 0x0000000701600000, 0x0000000701600000| Untracked 
|  23|0x0000000701700000, 0x0000000701700000, 0x0000000701800000|  0%| F|  |TAMS 0x0000000701700000, 0x0000000701700000| Untracked 
|  24|0x0000000701800000, 0x0000000701800000, 0x0000000701900000|  0%| F|  |TAMS 0x0000000701800000, 0x0000000701800000| Untracked 
|  25|0x0000000701900000, 0x0000000701900000, 0x0000000701a00000|  0%| F|  |TAMS 0x0000000701900000, 0x0000000701900000| Untracked 
|  26|0x0000000701a00000, 0x0000000701a00000, 0x0000000701b00000|  0%| F|  |TAMS 0x0000000701a00000, 0x0000000701a00000| Untracked 
|  27|0x0000000701b00000, 0x0000000701b00000, 0x0000000701c00000|  0%| F|  |TAMS 0x0000000701b00000, 0x0000000701b00000| Untracked 
|  28|0x0000000701c00000, 0x0000000701c00000, 0x0000000701d00000|  0%| F|  |TAMS 0x0000000701c00000, 0x0000000701c00000| Untracked 
|  29|0x0000000701d00000, 0x0000000701d00000, 0x0000000701e00000|  0%| F|  |TAMS 0x0000000701d00000, 0x0000000701d00000| Untracked 
|  30|0x0000000701e00000, 0x0000000701e00000, 0x0000000701f00000|  0%| F|  |TAMS 0x0000000701e00000, 0x0000000701e00000| Untracked 
|  31|0x0000000701f00000, 0x0000000701f00000, 0x0000000702000000|  0%| F|  |TAMS 0x0000000701f00000, 0x0000000701f00000| Untracked 
|  32|0x0000000702000000, 0x0000000702000000, 0x0000000702100000|  0%| F|  |TAMS 0x0000000702000000, 0x0000000702000000| Untracked 
|  33|0x0000000702100000, 0x0000000702100000, 0x0000000702200000|  0%| F|  |TAMS 0x0000000702100000, 0x0000000702100000| Untracked 
|  34|0x0000000702200000, 0x0000000702200000, 0x0000000702300000|  0%| F|  |TAMS 0x0000000702200000, 0x0000000702200000| Untracked 
|  35|0x0000000702300000, 0x0000000702300000, 0x0000000702400000|  0%| F|  |TAMS 0x0000000702300000, 0x0000000702300000| Untracked 
|  36|0x0000000702400000, 0x0000000702400000, 0x0000000702500000|  0%| F|  |TAMS 0x0000000702400000, 0x0000000702400000| Untracked 
|  37|0x0000000702500000, 0x0000000702500000, 0x0000000702600000|  0%| F|  |TAMS 0x0000000702500000, 0x0000000702500000| Untracked 
|  38|0x0000000702600000, 0x0000000702600000, 0x0000000702700000|  0%| F|  |TAMS 0x0000000702600000, 0x0000000702600000| Untracked 
|  39|0x0000000702700000, 0x0000000702700000, 0x0000000702800000|  0%| F|  |TAMS 0x0000000702700000, 0x0000000702700000| Untracked 
|  40|0x0000000702800000, 0x0000000702800000, 0x0000000702900000|  0%| F|  |TAMS 0x0000000702800000, 0x0000000702800000| Untracked 
|  41|0x0000000702900000, 0x0000000702900000, 0x0000000702a00000|  0%| F|  |TAMS 0x0000000702900000, 0x0000000702900000| Untracked 
|  42|0x0000000702a00000, 0x0000000702a00000, 0x0000000702b00000|  0%| F|  |TAMS 0x0000000702a00000, 0x0000000702a00000| Untracked 
|  43|0x0000000702b00000, 0x0000000702b00000, 0x0000000702c00000|  0%| F|  |TAMS 0x0000000702b00000, 0x0000000702b00000| Untracked 
|  44|0x0000000702c00000, 0x0000000702c00000, 0x0000000702d00000|  0%| F|  |TAMS 0x0000000702c00000, 0x0000000702c00000| Untracked 
|  45|0x0000000702d00000, 0x0000000702d00000, 0x0000000702e00000|  0%| F|  |TAMS 0x0000000702d00000, 0x0000000702d00000| Untracked 
|  46|0x0000000702e00000, 0x0000000702e00000, 0x0000000702f00000|  0%| F|  |TAMS 0x0000000702e00000, 0x0000000702e00000| Untracked 
|  47|0x0000000702f00000, 0x0000000702f00000, 0x0000000703000000|  0%| F|  |TAMS 0x0000000702f00000, 0x0000000702f00000| Untracked 
|  48|0x0000000703000000, 0x0000000703000000, 0x0000000703100000|  0%| F|  |TAMS 0x0000000703000000, 0x0000000703000000| Untracked 
|  49|0x0000000703100000, 0x0000000703100000, 0x0000000703200000|  0%| F|  |TAMS 0x0000000703100000, 0x0000000703100000| Untracked 
|  50|0x0000000703200000, 0x0000000703200000, 0x0000000703300000|  0%| F|  |TAMS 0x0000000703200000, 0x0000000703200000| Untracked 
|  51|0x0000000703300000, 0x0000000703300000, 0x0000000703400000|  0%| F|  |TAMS 0x0000000703300000, 0x0000000703300000| Untracked 
|  52|0x0000000703400000, 0x0000000703400000, 0x0000000703500000|  0%| F|  |TAMS 0x0000000703400000, 0x0000000703400000| Untracked 
|  53|0x0000000703500000, 0x0000000703500000, 0x0000000703600000|  0%| F|  |TAMS 0x0000000703500000, 0x0000000703500000| Untracked 
|  54|0x0000000703600000, 0x0000000703600000, 0x0000000703700000|  0%| F|  |TAMS 0x0000000703600000, 0x0000000703600000| Untracked 
|  55|0x0000000703700000, 0x0000000703700000, 0x0000000703800000|  0%| F|  |TAMS 0x0000000703700000, 0x0000000703700000| Untracked 
|  56|0x0000000703800000, 0x0000000703800000, 0x0000000703900000|  0%| F|  |TAMS 0x0000000703800000, 0x0000000703800000| Untracked 
|  57|0x0000000703900000, 0x0000000703900000, 0x0000000703a00000|  0%| F|  |TAMS 0x0000000703900000, 0x0000000703900000| Untracked 
|  58|0x0000000703a00000, 0x0000000703a00000, 0x0000000703b00000|  0%| F|  |TAMS 0x0000000703a00000, 0x0000000703a00000| Untracked 
|  59|0x0000000703b00000, 0x0000000703b00000, 0x0000000703c00000|  0%| F|  |TAMS 0x0000000703b00000, 0x0000000703b00000| Untracked 
|  60|0x0000000703c00000, 0x0000000703c00000, 0x0000000703d00000|  0%| F|  |TAMS 0x0000000703c00000, 0x0000000703c00000| Untracked 
|  61|0x0000000703d00000, 0x0000000703d00000, 0x0000000703e00000|  0%| F|  |TAMS 0x0000000703d00000, 0x0000000703d00000| Untracked 
|  62|0x0000000703e00000, 0x0000000703e00000, 0x0000000703f00000|  0%| F|  |TAMS 0x0000000703e00000, 0x0000000703e00000| Untracked 
|  63|0x0000000703f00000, 0x0000000703f00000, 0x0000000704000000|  0%| F|  |TAMS 0x0000000703f00000, 0x0000000703f00000| Untracked 
|  64|0x0000000704000000, 0x0000000704000000, 0x0000000704100000|  0%| F|  |TAMS 0x0000000704000000, 0x0000000704000000| Untracked 
|  65|0x0000000704100000, 0x0000000704100000, 0x0000000704200000|  0%| F|  |TAMS 0x0000000704100000, 0x0000000704100000| Untracked 
|  66|0x0000000704200000, 0x0000000704200000, 0x0000000704300000|  0%| F|  |TAMS 0x0000000704200000, 0x0000000704200000| Untracked 
|  67|0x0000000704300000, 0x0000000704300000, 0x0000000704400000|  0%| F|  |TAMS 0x0000000704300000, 0x0000000704300000| Untracked 
|  68|0x0000000704400000, 0x0000000704400000, 0x0000000704500000|  0%| F|  |TAMS 0x0000000704400000, 0x0000000704400000| Untracked 
|  69|0x0000000704500000, 0x0000000704500000, 0x0000000704600000|  0%| F|  |TAMS 0x0000000704500000, 0x0000000704500000| Untracked 
|  70|0x0000000704600000, 0x0000000704600000, 0x0000000704700000|  0%| F|  |TAMS 0x0000000704600000, 0x0000000704600000| Untracked 
|  71|0x0000000704700000, 0x0000000704700000, 0x0000000704800000|  0%| F|  |TAMS 0x0000000704700000, 0x0000000704700000| Untracked 
|  72|0x0000000704800000, 0x0000000704800000, 0x0000000704900000|  0%| F|  |TAMS 0x0000000704800000, 0x0000000704800000| Untracked 
|  73|0x0000000704900000, 0x0000000704900000, 0x0000000704a00000|  0%| F|  |TAMS 0x0000000704900000, 0x0000000704900000| Untracked 
|  74|0x0000000704a00000, 0x0000000704a00000, 0x0000000704b00000|  0%| F|  |TAMS 0x0000000704a00000, 0x0000000704a00000| Untracked 
|  75|0x0000000704b00000, 0x0000000704b00000, 0x0000000704c00000|  0%| F|  |TAMS 0x0000000704b00000, 0x0000000704b00000| Untracked 
|  76|0x0000000704c00000, 0x0000000704c00000, 0x0000000704d00000|  0%| F|  |TAMS 0x0000000704c00000, 0x0000000704c00000| Untracked 
|  77|0x0000000704d00000, 0x0000000704d00000, 0x0000000704e00000|  0%| F|  |TAMS 0x0000000704d00000, 0x0000000704d00000| Untracked 
|  78|0x0000000704e00000, 0x0000000704e00000, 0x0000000704f00000|  0%| F|  |TAMS 0x0000000704e00000, 0x0000000704e00000| Untracked 
|  79|0x0000000704f00000, 0x0000000704f00000, 0x0000000705000000|  0%| F|  |TAMS 0x0000000704f00000, 0x0000000704f00000| Untracked 
|  80|0x0000000705000000, 0x0000000705000000, 0x0000000705100000|  0%| F|  |TAMS 0x0000000705000000, 0x0000000705000000| Untracked 
|  81|0x0000000705100000, 0x0000000705100000, 0x0000000705200000|  0%| F|  |TAMS 0x0000000705100000, 0x0000000705100000| Untracked 
|  82|0x0000000705200000, 0x0000000705200000, 0x0000000705300000|  0%| F|  |TAMS 0x0000000705200000, 0x0000000705200000| Untracked 
|  83|0x0000000705300000, 0x0000000705300000, 0x0000000705400000|  0%| F|  |TAMS 0x0000000705300000, 0x0000000705300000| Untracked 
|  84|0x0000000705400000, 0x0000000705400000, 0x0000000705500000|  0%| F|  |TAMS 0x0000000705400000, 0x0000000705400000| Untracked 
|  85|0x0000000705500000, 0x0000000705500000, 0x0000000705600000|  0%| F|  |TAMS 0x0000000705500000, 0x0000000705500000| Untracked 
|  86|0x0000000705600000, 0x0000000705600000, 0x0000000705700000|  0%| F|  |TAMS 0x0000000705600000, 0x0000000705600000| Untracked 
|  87|0x0000000705700000, 0x0000000705700000, 0x0000000705800000|  0%| F|  |TAMS 0x0000000705700000, 0x0000000705700000| Untracked 
|  88|0x0000000705800000, 0x0000000705800000, 0x0000000705900000|  0%| F|  |TAMS 0x0000000705800000, 0x0000000705800000| Untracked 
|  89|0x0000000705900000, 0x0000000705900000, 0x0000000705a00000|  0%| F|  |TAMS 0x0000000705900000, 0x0000000705900000| Untracked 
|  90|0x0000000705a00000, 0x0000000705a00000, 0x0000000705b00000|  0%| F|  |TAMS 0x0000000705a00000, 0x0000000705a00000| Untracked 
|  91|0x0000000705b00000, 0x0000000705b00000, 0x0000000705c00000|  0%| F|  |TAMS 0x0000000705b00000, 0x0000000705b00000| Untracked 
|  92|0x0000000705c00000, 0x0000000705c00000, 0x0000000705d00000|  0%| F|  |TAMS 0x0000000705c00000, 0x0000000705c00000| Untracked 
|  93|0x0000000705d00000, 0x0000000705d00000, 0x0000000705e00000|  0%| F|  |TAMS 0x0000000705d00000, 0x0000000705d00000| Untracked 
|  94|0x0000000705e00000, 0x0000000705e00000, 0x0000000705f00000|  0%| F|  |TAMS 0x0000000705e00000, 0x0000000705e00000| Untracked 
|  95|0x0000000705f00000, 0x0000000705f00000, 0x0000000706000000|  0%| F|  |TAMS 0x0000000705f00000, 0x0000000705f00000| Untracked 
|  96|0x0000000706000000, 0x0000000706000000, 0x0000000706100000|  0%| F|  |TAMS 0x0000000706000000, 0x0000000706000000| Untracked 
|  97|0x0000000706100000, 0x0000000706100000, 0x0000000706200000|  0%| F|  |TAMS 0x0000000706100000, 0x0000000706100000| Untracked 
|  98|0x0000000706200000, 0x0000000706200000, 0x0000000706300000|  0%| F|  |TAMS 0x0000000706200000, 0x0000000706200000| Untracked 
|  99|0x0000000706300000, 0x0000000706300000, 0x0000000706400000|  0%| F|  |TAMS 0x0000000706300000, 0x0000000706300000| Untracked 
| 100|0x0000000706400000, 0x0000000706400000, 0x0000000706500000|  0%| F|  |TAMS 0x0000000706400000, 0x0000000706400000| Untracked 
| 101|0x0000000706500000, 0x0000000706500000, 0x0000000706600000|  0%| F|  |TAMS 0x0000000706500000, 0x0000000706500000| Untracked 
| 102|0x0000000706600000, 0x0000000706600000, 0x0000000706700000|  0%| F|  |TAMS 0x0000000706600000, 0x0000000706600000| Untracked 
| 103|0x0000000706700000, 0x0000000706700000, 0x0000000706800000|  0%| F|  |TAMS 0x0000000706700000, 0x0000000706700000| Untracked 
| 104|0x0000000706800000, 0x0000000706800000, 0x0000000706900000|  0%| F|  |TAMS 0x0000000706800000, 0x0000000706800000| Untracked 
| 105|0x0000000706900000, 0x0000000706900000, 0x0000000706a00000|  0%| F|  |TAMS 0x0000000706900000, 0x0000000706900000| Untracked 
| 106|0x0000000706a00000, 0x0000000706a00000, 0x0000000706b00000|  0%| F|  |TAMS 0x0000000706a00000, 0x0000000706a00000| Untracked 
| 107|0x0000000706b00000, 0x0000000706b00000, 0x0000000706c00000|  0%| F|  |TAMS 0x0000000706b00000, 0x0000000706b00000| Untracked 
| 108|0x0000000706c00000, 0x0000000706c00000, 0x0000000706d00000|  0%| F|  |TAMS 0x0000000706c00000, 0x0000000706c00000| Untracked 
| 109|0x0000000706d00000, 0x0000000706d00000, 0x0000000706e00000|  0%| F|  |TAMS 0x0000000706d00000, 0x0000000706d00000| Untracked 
| 110|0x0000000706e00000, 0x0000000706e00000, 0x0000000706f00000|  0%| F|  |TAMS 0x0000000706e00000, 0x0000000706e00000| Untracked 
| 111|0x0000000706f00000, 0x0000000706f00000, 0x0000000707000000|  0%| F|  |TAMS 0x0000000706f00000, 0x0000000706f00000| Untracked 
| 112|0x0000000707000000, 0x0000000707000000, 0x0000000707100000|  0%| F|  |TAMS 0x0000000707000000, 0x0000000707000000| Untracked 
| 113|0x0000000707100000, 0x0000000707100000, 0x0000000707200000|  0%| F|  |TAMS 0x0000000707100000, 0x0000000707100000| Untracked 
| 114|0x0000000707200000, 0x0000000707200000, 0x0000000707300000|  0%| F|  |TAMS 0x0000000707200000, 0x0000000707200000| Untracked 
| 115|0x0000000707300000, 0x0000000707300000, 0x0000000707400000|  0%| F|  |TAMS 0x0000000707300000, 0x0000000707300000| Untracked 
| 116|0x0000000707400000, 0x0000000707400000, 0x0000000707500000|  0%| F|  |TAMS 0x0000000707400000, 0x0000000707400000| Untracked 
| 117|0x0000000707500000, 0x0000000707500000, 0x0000000707600000|  0%| F|  |TAMS 0x0000000707500000, 0x0000000707500000| Untracked 
| 118|0x0000000707600000, 0x0000000707600000, 0x0000000707700000|  0%| F|  |TAMS 0x0000000707600000, 0x0000000707600000| Untracked 
| 119|0x0000000707700000, 0x0000000707700000, 0x0000000707800000|  0%| F|  |TAMS 0x0000000707700000, 0x0000000707700000| Untracked 
| 120|0x0000000707800000, 0x0000000707800000, 0x0000000707900000|  0%| F|  |TAMS 0x0000000707800000, 0x0000000707800000| Untracked 
| 121|0x0000000707900000, 0x0000000707900000, 0x0000000707a00000|  0%| F|  |TAMS 0x0000000707900000, 0x0000000707900000| Untracked 
| 122|0x0000000707a00000, 0x0000000707a00000, 0x0000000707b00000|  0%| F|  |TAMS 0x0000000707a00000, 0x0000000707a00000| Untracked 
| 123|0x0000000707b00000, 0x0000000707b00000, 0x0000000707c00000|  0%| F|  |TAMS 0x0000000707b00000, 0x0000000707b00000| Untracked 
| 124|0x0000000707c00000, 0x0000000707c00000, 0x0000000707d00000|  0%| F|  |TAMS 0x0000000707c00000, 0x0000000707c00000| Untracked 
| 125|0x0000000707d00000, 0x0000000707d00000, 0x0000000707e00000|  0%| F|  |TAMS 0x0000000707d00000, 0x0000000707d00000| Untracked 
| 126|0x0000000707e00000, 0x0000000707e00000, 0x0000000707f00000|  0%| F|  |TAMS 0x0000000707e00000, 0x0000000707e00000| Untracked 
| 127|0x0000000707f00000, 0x0000000707f00000, 0x0000000708000000|  0%| F|  |TAMS 0x0000000707f00000, 0x0000000707f00000| Untracked 
| 128|0x0000000708000000, 0x0000000708000000, 0x0000000708100000|  0%| F|  |TAMS 0x0000000708000000, 0x0000000708000000| Untracked 
| 129|0x0000000708100000, 0x0000000708100000, 0x0000000708200000|  0%| F|  |TAMS 0x0000000708100000, 0x0000000708100000| Untracked 
| 130|0x0000000708200000, 0x0000000708200000, 0x0000000708300000|  0%| F|  |TAMS 0x0000000708200000, 0x0000000708200000| Untracked 
| 131|0x0000000708300000, 0x0000000708300000, 0x0000000708400000|  0%| F|  |TAMS 0x0000000708300000, 0x0000000708300000| Untracked 
| 132|0x0000000708400000, 0x0000000708400000, 0x0000000708500000|  0%| F|  |TAMS 0x0000000708400000, 0x0000000708400000| Untracked 
| 133|0x0000000708500000, 0x0000000708500000, 0x0000000708600000|  0%| F|  |TAMS 0x0000000708500000, 0x0000000708500000| Untracked 
| 134|0x0000000708600000, 0x0000000708600000, 0x0000000708700000|  0%| F|  |TAMS 0x0000000708600000, 0x0000000708600000| Untracked 
| 135|0x0000000708700000, 0x0000000708700000, 0x0000000708800000|  0%| F|  |TAMS 0x0000000708700000, 0x0000000708700000| Untracked 
| 136|0x0000000708800000, 0x0000000708800000, 0x0000000708900000|  0%| F|  |TAMS 0x0000000708800000, 0x0000000708800000| Untracked 
| 137|0x0000000708900000, 0x0000000708900000, 0x0000000708a00000|  0%| F|  |TAMS 0x0000000708900000, 0x0000000708900000| Untracked 
| 138|0x0000000708a00000, 0x0000000708a00000, 0x0000000708b00000|  0%| F|  |TAMS 0x0000000708a00000, 0x0000000708a00000| Untracked 
| 139|0x0000000708b00000, 0x0000000708b00000, 0x0000000708c00000|  0%| F|  |TAMS 0x0000000708b00000, 0x0000000708b00000| Untracked 
| 140|0x0000000708c00000, 0x0000000708c00000, 0x0000000708d00000|  0%| F|  |TAMS 0x0000000708c00000, 0x0000000708c00000| Untracked 
| 141|0x0000000708d00000, 0x0000000708d00000, 0x0000000708e00000|  0%| F|  |TAMS 0x0000000708d00000, 0x0000000708d00000| Untracked 
| 142|0x0000000708e00000, 0x0000000708e00000, 0x0000000708f00000|  0%| F|  |TAMS 0x0000000708e00000, 0x0000000708e00000| Untracked 
| 143|0x0000000708f00000, 0x0000000708f00000, 0x0000000709000000|  0%| F|  |TAMS 0x0000000708f00000, 0x0000000708f00000| Untracked 
| 144|0x0000000709000000, 0x0000000709000000, 0x0000000709100000|  0%| F|  |TAMS 0x0000000709000000, 0x0000000709000000| Untracked 
| 145|0x0000000709100000, 0x0000000709100000, 0x0000000709200000|  0%| F|  |TAMS 0x0000000709100000, 0x0000000709100000| Untracked 
| 146|0x0000000709200000, 0x0000000709200000, 0x0000000709300000|  0%| F|  |TAMS 0x0000000709200000, 0x0000000709200000| Untracked 
| 147|0x0000000709300000, 0x0000000709300000, 0x0000000709400000|  0%| F|  |TAMS 0x0000000709300000, 0x0000000709300000| Untracked 
| 148|0x0000000709400000, 0x0000000709400000, 0x0000000709500000|  0%| F|  |TAMS 0x0000000709400000, 0x0000000709400000| Untracked 
| 149|0x0000000709500000, 0x0000000709500000, 0x0000000709600000|  0%| F|  |TAMS 0x0000000709500000, 0x0000000709500000| Untracked 
| 150|0x0000000709600000, 0x0000000709600000, 0x0000000709700000|  0%| F|  |TAMS 0x0000000709600000, 0x0000000709600000| Untracked 
| 151|0x0000000709700000, 0x0000000709700000, 0x0000000709800000|  0%| F|  |TAMS 0x0000000709700000, 0x0000000709700000| Untracked 
| 152|0x0000000709800000, 0x0000000709800000, 0x0000000709900000|  0%| F|  |TAMS 0x0000000709800000, 0x0000000709800000| Untracked 
| 153|0x0000000709900000, 0x0000000709900000, 0x0000000709a00000|  0%| F|  |TAMS 0x0000000709900000, 0x0000000709900000| Untracked 
| 154|0x0000000709a00000, 0x0000000709a00000, 0x0000000709b00000|  0%| F|  |TAMS 0x0000000709a00000, 0x0000000709a00000| Untracked 
| 155|0x0000000709b00000, 0x0000000709b00000, 0x0000000709c00000|  0%| F|  |TAMS 0x0000000709b00000, 0x0000000709b00000| Untracked 
| 156|0x0000000709c00000, 0x0000000709c00000, 0x0000000709d00000|  0%| F|  |TAMS 0x0000000709c00000, 0x0000000709c00000| Untracked 
| 157|0x0000000709d00000, 0x0000000709d00000, 0x0000000709e00000|  0%| F|  |TAMS 0x0000000709d00000, 0x0000000709d00000| Untracked 
| 158|0x0000000709e00000, 0x0000000709e00000, 0x0000000709f00000|  0%| F|  |TAMS 0x0000000709e00000, 0x0000000709e00000| Untracked 
| 159|0x0000000709f00000, 0x0000000709f00000, 0x000000070a000000|  0%| F|  |TAMS 0x0000000709f00000, 0x0000000709f00000| Untracked 
| 160|0x000000070a000000, 0x000000070a000000, 0x000000070a100000|  0%| F|  |TAMS 0x000000070a000000, 0x000000070a000000| Untracked 
| 161|0x000000070a100000, 0x000000070a100000, 0x000000070a200000|  0%| F|  |TAMS 0x000000070a100000, 0x000000070a100000| Untracked 
| 162|0x000000070a200000, 0x000000070a200000, 0x000000070a300000|  0%| F|  |TAMS 0x000000070a200000, 0x000000070a200000| Untracked 
| 163|0x000000070a300000, 0x000000070a300000, 0x000000070a400000|  0%| F|  |TAMS 0x000000070a300000, 0x000000070a300000| Untracked 
| 164|0x000000070a400000, 0x000000070a400000, 0x000000070a500000|  0%| F|  |TAMS 0x000000070a400000, 0x000000070a400000| Untracked 
| 165|0x000000070a500000, 0x000000070a500000, 0x000000070a600000|  0%| F|  |TAMS 0x000000070a500000, 0x000000070a500000| Untracked 
| 166|0x000000070a600000, 0x000000070a600000, 0x000000070a700000|  0%| F|  |TAMS 0x000000070a600000, 0x000000070a600000| Untracked 
| 167|0x000000070a700000, 0x000000070a700000, 0x000000070a800000|  0%| F|  |TAMS 0x000000070a700000, 0x000000070a700000| Untracked 
| 168|0x000000070a800000, 0x000000070a800000, 0x000000070a900000|  0%| F|  |TAMS 0x000000070a800000, 0x000000070a800000| Untracked 
| 169|0x000000070a900000, 0x000000070a900000, 0x000000070aa00000|  0%| F|  |TAMS 0x000000070a900000, 0x000000070a900000| Untracked 
| 170|0x000000070aa00000, 0x000000070aa00000, 0x000000070ab00000|  0%| F|  |TAMS 0x000000070aa00000, 0x000000070aa00000| Untracked 
| 171|0x000000070ab00000, 0x000000070ab00000, 0x000000070ac00000|  0%| F|  |TAMS 0x000000070ab00000, 0x000000070ab00000| Untracked 
| 172|0x000000070ac00000, 0x000000070ac00000, 0x000000070ad00000|  0%| F|  |TAMS 0x000000070ac00000, 0x000000070ac00000| Untracked 
| 173|0x000000070ad00000, 0x000000070ad00000, 0x000000070ae00000|  0%| F|  |TAMS 0x000000070ad00000, 0x000000070ad00000| Untracked 
| 174|0x000000070ae00000, 0x000000070ae00000, 0x000000070af00000|  0%| F|  |TAMS 0x000000070ae00000, 0x000000070ae00000| Untracked 
| 175|0x000000070af00000, 0x000000070af00000, 0x000000070b000000|  0%| F|  |TAMS 0x000000070af00000, 0x000000070af00000| Untracked 
| 176|0x000000070b000000, 0x000000070b000000, 0x000000070b100000|  0%| F|  |TAMS 0x000000070b000000, 0x000000070b000000| Untracked 
| 177|0x000000070b100000, 0x000000070b100000, 0x000000070b200000|  0%| F|  |TAMS 0x000000070b100000, 0x000000070b100000| Untracked 
| 178|0x000000070b200000, 0x000000070b200000, 0x000000070b300000|  0%| F|  |TAMS 0x000000070b200000, 0x000000070b200000| Untracked 
| 179|0x000000070b300000, 0x000000070b300000, 0x000000070b400000|  0%| F|  |TAMS 0x000000070b300000, 0x000000070b300000| Untracked 
| 180|0x000000070b400000, 0x000000070b400000, 0x000000070b500000|  0%| F|  |TAMS 0x000000070b400000, 0x000000070b400000| Untracked 
| 181|0x000000070b500000, 0x000000070b500000, 0x000000070b600000|  0%| F|  |TAMS 0x000000070b500000, 0x000000070b500000| Untracked 
| 182|0x000000070b600000, 0x000000070b600000, 0x000000070b700000|  0%| F|  |TAMS 0x000000070b600000, 0x000000070b600000| Untracked 
| 183|0x000000070b700000, 0x000000070b700000, 0x000000070b800000|  0%| F|  |TAMS 0x000000070b700000, 0x000000070b700000| Untracked 
| 184|0x000000070b800000, 0x000000070b800000, 0x000000070b900000|  0%| F|  |TAMS 0x000000070b800000, 0x000000070b800000| Untracked 
| 185|0x000000070b900000, 0x000000070b900000, 0x000000070ba00000|  0%| F|  |TAMS 0x000000070b900000, 0x000000070b900000| Untracked 
| 186|0x000000070ba00000, 0x000000070ba00000, 0x000000070bb00000|  0%| F|  |TAMS 0x000000070ba00000, 0x000000070ba00000| Untracked 
| 187|0x000000070bb00000, 0x000000070bb00000, 0x000000070bc00000|  0%| F|  |TAMS 0x000000070bb00000, 0x000000070bb00000| Untracked 
| 188|0x000000070bc00000, 0x000000070bc00000, 0x000000070bd00000|  0%| F|  |TAMS 0x000000070bc00000, 0x000000070bc00000| Untracked 
| 189|0x000000070bd00000, 0x000000070bd00000, 0x000000070be00000|  0%| F|  |TAMS 0x000000070bd00000, 0x000000070bd00000| Untracked 
| 190|0x000000070be00000, 0x000000070be00000, 0x000000070bf00000|  0%| F|  |TAMS 0x000000070be00000, 0x000000070be00000| Untracked 
| 191|0x000000070bf00000, 0x000000070bf00000, 0x000000070c000000|  0%| F|  |TAMS 0x000000070bf00000, 0x000000070bf00000| Untracked 
| 192|0x000000070c000000, 0x000000070c000000, 0x000000070c100000|  0%| F|  |TAMS 0x000000070c000000, 0x000000070c000000| Untracked 
| 193|0x000000070c100000, 0x000000070c100000, 0x000000070c200000|  0%| F|  |TAMS 0x000000070c100000, 0x000000070c100000| Untracked 
| 194|0x000000070c200000, 0x000000070c200000, 0x000000070c300000|  0%| F|  |TAMS 0x000000070c200000, 0x000000070c200000| Untracked 
| 195|0x000000070c300000, 0x000000070c300000, 0x000000070c400000|  0%| F|  |TAMS 0x000000070c300000, 0x000000070c300000| Untracked 
| 196|0x000000070c400000, 0x000000070c400000, 0x000000070c500000|  0%| F|  |TAMS 0x000000070c400000, 0x000000070c400000| Untracked 
| 197|0x000000070c500000, 0x000000070c500000, 0x000000070c600000|  0%| F|  |TAMS 0x000000070c500000, 0x000000070c500000| Untracked 
| 198|0x000000070c600000, 0x000000070c600000, 0x000000070c700000|  0%| F|  |TAMS 0x000000070c600000, 0x000000070c600000| Untracked 
| 199|0x000000070c700000, 0x000000070c700000, 0x000000070c800000|  0%| F|  |TAMS 0x000000070c700000, 0x000000070c700000| Untracked 
| 200|0x000000070c800000, 0x000000070c800000, 0x000000070c900000|  0%| F|  |TAMS 0x000000070c800000, 0x000000070c800000| Untracked 
| 201|0x000000070c900000, 0x000000070c900000, 0x000000070ca00000|  0%| F|  |TAMS 0x000000070c900000, 0x000000070c900000| Untracked 
| 202|0x000000070ca00000, 0x000000070ca00000, 0x000000070cb00000|  0%| F|  |TAMS 0x000000070ca00000, 0x000000070ca00000| Untracked 
| 203|0x000000070cb00000, 0x000000070cb00000, 0x000000070cc00000|  0%| F|  |TAMS 0x000000070cb00000, 0x000000070cb00000| Untracked 
| 204|0x000000070cc00000, 0x000000070cc00000, 0x000000070cd00000|  0%| F|  |TAMS 0x000000070cc00000, 0x000000070cc00000| Untracked 
| 205|0x000000070cd00000, 0x000000070cd00000, 0x000000070ce00000|  0%| F|  |TAMS 0x000000070cd00000, 0x000000070cd00000| Untracked 
| 206|0x000000070ce00000, 0x000000070ce00000, 0x000000070cf00000|  0%| F|  |TAMS 0x000000070ce00000, 0x000000070ce00000| Untracked 
| 207|0x000000070cf00000, 0x000000070cf00000, 0x000000070d000000|  0%| F|  |TAMS 0x000000070cf00000, 0x000000070cf00000| Untracked 
| 208|0x000000070d000000, 0x000000070d000000, 0x000000070d100000|  0%| F|  |TAMS 0x000000070d000000, 0x000000070d000000| Untracked 
| 209|0x000000070d100000, 0x000000070d100000, 0x000000070d200000|  0%| F|  |TAMS 0x000000070d100000, 0x000000070d100000| Untracked 
| 210|0x000000070d200000, 0x000000070d200000, 0x000000070d300000|  0%| F|  |TAMS 0x000000070d200000, 0x000000070d200000| Untracked 
| 211|0x000000070d300000, 0x000000070d300000, 0x000000070d400000|  0%| F|  |TAMS 0x000000070d300000, 0x000000070d300000| Untracked 
| 212|0x000000070d400000, 0x000000070d400000, 0x000000070d500000|  0%| F|  |TAMS 0x000000070d400000, 0x000000070d400000| Untracked 
| 213|0x000000070d500000, 0x000000070d500000, 0x000000070d600000|  0%| F|  |TAMS 0x000000070d500000, 0x000000070d500000| Untracked 
| 214|0x000000070d600000, 0x000000070d600000, 0x000000070d700000|  0%| F|  |TAMS 0x000000070d600000, 0x000000070d600000| Untracked 
| 215|0x000000070d700000, 0x000000070d700000, 0x000000070d800000|  0%| F|  |TAMS 0x000000070d700000, 0x000000070d700000| Untracked 
| 216|0x000000070d800000, 0x000000070d800000, 0x000000070d900000|  0%| F|  |TAMS 0x000000070d800000, 0x000000070d800000| Untracked 
| 217|0x000000070d900000, 0x000000070d900000, 0x000000070da00000|  0%| F|  |TAMS 0x000000070d900000, 0x000000070d900000| Untracked 
| 218|0x000000070da00000, 0x000000070da00000, 0x000000070db00000|  0%| F|  |TAMS 0x000000070da00000, 0x000000070da00000| Untracked 
| 219|0x000000070db00000, 0x000000070db00000, 0x000000070dc00000|  0%| F|  |TAMS 0x000000070db00000, 0x000000070db00000| Untracked 
| 220|0x000000070dc00000, 0x000000070dc00000, 0x000000070dd00000|  0%| F|  |TAMS 0x000000070dc00000, 0x000000070dc00000| Untracked 
| 221|0x000000070dd00000, 0x000000070dd00000, 0x000000070de00000|  0%| F|  |TAMS 0x000000070dd00000, 0x000000070dd00000| Untracked 
| 222|0x000000070de00000, 0x000000070de00000, 0x000000070df00000|  0%| F|  |TAMS 0x000000070de00000, 0x000000070de00000| Untracked 
| 223|0x000000070df00000, 0x000000070df00000, 0x000000070e000000|  0%| F|  |TAMS 0x000000070df00000, 0x000000070df00000| Untracked 
| 224|0x000000070e000000, 0x000000070e000000, 0x000000070e100000|  0%| F|  |TAMS 0x000000070e000000, 0x000000070e000000| Untracked 
| 225|0x000000070e100000, 0x000000070e100000, 0x000000070e200000|  0%| F|  |TAMS 0x000000070e100000, 0x000000070e100000| Untracked 
| 226|0x000000070e200000, 0x000000070e200000, 0x000000070e300000|  0%| F|  |TAMS 0x000000070e200000, 0x000000070e200000| Untracked 
| 227|0x000000070e300000, 0x000000070e300000, 0x000000070e400000|  0%| F|  |TAMS 0x000000070e300000, 0x000000070e300000| Untracked 
| 228|0x000000070e400000, 0x000000070e400000, 0x000000070e500000|  0%| F|  |TAMS 0x000000070e400000, 0x000000070e400000| Untracked 
| 229|0x000000070e500000, 0x000000070e600000, 0x000000070e600000|100%| S|CS|TAMS 0x000000070e500000, 0x000000070e500000| Complete 
| 230|0x000000070e600000, 0x000000070e700000, 0x000000070e700000|100%| S|CS|TAMS 0x000000070e600000, 0x000000070e600000| Complete 
| 231|0x000000070e700000, 0x000000070e800000, 0x000000070e800000|100%| S|CS|TAMS 0x000000070e700000, 0x000000070e700000| Complete 
| 232|0x000000070e800000, 0x000000070e800000, 0x000000070e900000|  0%| F|  |TAMS 0x000000070e800000, 0x000000070e800000| Untracked 
| 233|0x000000070e900000, 0x000000070e900000, 0x000000070ea00000|  0%| F|  |TAMS 0x000000070e900000, 0x000000070e900000| Untracked 
| 234|0x000000070ea00000, 0x000000070ea00000, 0x000000070eb00000|  0%| F|  |TAMS 0x000000070ea00000, 0x000000070ea00000| Untracked 
| 235|0x000000070eb00000, 0x000000070eb00000, 0x000000070ec00000|  0%| F|  |TAMS 0x000000070eb00000, 0x000000070eb00000| Untracked 
| 236|0x000000070ec00000, 0x000000070ec00000, 0x000000070ed00000|  0%| F|  |TAMS 0x000000070ec00000, 0x000000070ec00000| Untracked 
| 237|0x000000070ed00000, 0x000000070ed00000, 0x000000070ee00000|  0%| F|  |TAMS 0x000000070ed00000, 0x000000070ed00000| Untracked 
| 238|0x000000070ee00000, 0x000000070ee00000, 0x000000070ef00000|  0%| F|  |TAMS 0x000000070ee00000, 0x000000070ee00000| Untracked 
| 239|0x000000070ef00000, 0x000000070ef00000, 0x000000070f000000|  0%| F|  |TAMS 0x000000070ef00000, 0x000000070ef00000| Untracked 
| 240|0x000000070f000000, 0x000000070f000000, 0x000000070f100000|  0%| F|  |TAMS 0x000000070f000000, 0x000000070f000000| Untracked 
| 241|0x000000070f100000, 0x000000070f100000, 0x000000070f200000|  0%| F|  |TAMS 0x000000070f100000, 0x000000070f100000| Untracked 
| 242|0x000000070f200000, 0x000000070f200000, 0x000000070f300000|  0%| F|  |TAMS 0x000000070f200000, 0x000000070f200000| Untracked 
| 243|0x000000070f300000, 0x000000070f300000, 0x000000070f400000|  0%| F|  |TAMS 0x000000070f300000, 0x000000070f300000| Untracked 
| 244|0x000000070f400000, 0x000000070f400000, 0x000000070f500000|  0%| F|  |TAMS 0x000000070f400000, 0x000000070f400000| Untracked 
| 245|0x000000070f500000, 0x000000070f500000, 0x000000070f600000|  0%| F|  |TAMS 0x000000070f500000, 0x000000070f500000| Untracked 
| 246|0x000000070f600000, 0x000000070f700000, 0x000000070f700000|100%| E|  |TAMS 0x000000070f600000, 0x000000070f600000| Complete 
| 247|0x000000070f700000, 0x000000070f800000, 0x000000070f800000|100%| E|CS|TAMS 0x000000070f700000, 0x000000070f700000| Complete 
| 248|0x000000070f800000, 0x000000070f900000, 0x000000070f900000|100%| E|CS|TAMS 0x000000070f800000, 0x000000070f800000| Complete 
| 249|0x000000070f900000, 0x000000070fa00000, 0x000000070fa00000|100%| E|CS|TAMS 0x000000070f900000, 0x000000070f900000| Complete 
| 250|0x000000070fa00000, 0x000000070fb00000, 0x000000070fb00000|100%| E|CS|TAMS 0x000000070fa00000, 0x000000070fa00000| Complete 
| 251|0x000000070fb00000, 0x000000070fc00000, 0x000000070fc00000|100%| E|CS|TAMS 0x000000070fb00000, 0x000000070fb00000| Complete 
| 252|0x000000070fc00000, 0x000000070fd00000, 0x000000070fd00000|100%| E|CS|TAMS 0x000000070fc00000, 0x000000070fc00000| Complete 
| 253|0x000000070fd00000, 0x000000070fe00000, 0x000000070fe00000|100%| E|CS|TAMS 0x000000070fd00000, 0x000000070fd00000| Complete 
| 254|0x000000070fe00000, 0x000000070ff00000, 0x000000070ff00000|100%| E|CS|TAMS 0x000000070fe00000, 0x000000070fe00000| Complete 
| 255|0x000000070ff00000, 0x0000000710000000, 0x0000000710000000|100%| E|CS|TAMS 0x000000070ff00000, 0x000000070ff00000| Complete 

Card table byte_map: [0x000000012468b000,0x0000000124e8b000] _byte_map_base: 0x0000000120e8b000

Marking Bits (Prev, Next): (CMBitMap*) 0x00007f8ab2878818, (CMBitMap*) 0x00007f8ab2878850
 Prev Bits: [0x000000012568b000, 0x000000012968b000)
 Next Bits: [0x000000012968b000, 0x000000012d68b000)

Polling page: 0x0000000100fd3000

Metaspace:

Usage:
  Non-class:     14.42 MB capacity,    14.10 MB ( 98%) used,   291.55 KB (  2%) free+waste,    43.69 KB ( <1%) overhead. 
      Class:      1.80 MB capacity,     1.63 MB ( 90%) used,   156.32 KB (  8%) free+waste,    21.00 KB (  1%) overhead. 
       Both:     16.22 MB capacity,    15.72 MB ( 97%) used,   447.87 KB (  3%) free+waste,    64.69 KB ( <1%) overhead. 

Virtual space:
  Non-class space:       16.00 MB reserved,      14.50 MB ( 91%) committed 
      Class space:        1.00 GB reserved,       1.88 MB ( <1%) committed 
             Both:        1.02 GB reserved,      16.38 MB (  2%) committed 

Chunk freelists:
   Non-Class:  59.00 KB
       Class:  11.00 KB
        Both:  70.00 KB

MaxMetaspaceSize: unlimited
CompressedClassSpaceSize: 1.00 GB
Initial GC threshold: 20.80 MB
Current GC threshold: 20.80 MB
CDS: off

CodeHeap 'non-profiled nmethods': size=238384Kb used=3196Kb max_used=3196Kb free=235187Kb
 bounds [0x00000001153ed000, 0x000000011570d000, 0x0000000123cb9000]
CodeHeap 'non-nmethods': size=7376Kb used=1176Kb max_used=1176Kb free=6199Kb
 bounds [0x0000000114cb9000, 0x0000000114f29000, 0x00000001153ed000]
 total_blobs=2163 nmethods=1716 adapters=376
 compilation: enabled
              stopped_count=0, restarted_count=0
 full_count=0

Compilation events (20 events):
Event: 2.219 Thread 0x00007f8a810fd800 nmethod 1704 0x00000001156fea10 code [0x00000001156febe0, 0x00000001156ff030]
Event: 2.219 Thread 0x00007f8a810fd800 1705       1       java.util.Locale::<init> (15 bytes)
Event: 2.219 Thread 0x00007f8a810fd800 nmethod 1705 0x00000001156ff310 code [0x00000001156ff4c0, 0x00000001156ff610]
Event: 2.219 Thread 0x00007f8a810fd800 1700       1       sun.util.locale.BaseLocale$Cache::createObject (9 bytes)
Event: 2.219 Thread 0x00007f8a810fd800 nmethod 1700 0x00000001156ff710 code [0x00000001156ff8e0, 0x00000001156ffa90]
Event: 2.219 Thread 0x00007f8a810fd800 1701       1       sun.util.locale.BaseLocale$Cache::createObject (8 bytes)
Event: 2.220 Thread 0x00007f8a810fd800 nmethod 1701 0x00000001156ffc90 code [0x00000001156ffe60, 0x00000001156fffd0]
Event: 2.220 Thread 0x00007f8a810fd800 1707       1       java.lang.reflect.Constructor::getSharedParameterTypes (5 bytes)
Event: 2.220 Thread 0x00007f8a810fd800 nmethod 1707 0x0000000115700190 code [0x0000000115700340, 0x00000001157003f0]
Event: 2.221 Thread 0x00007f8a810fd800 1708   !   1       java.net.URL::<init> (543 bytes)
Event: 2.225 Thread 0x00007f8a810fd800 nmethod 1708 0x0000000115700490 code [0x0000000115700920, 0x00000001157038e0]
Event: 2.225 Thread 0x00007f8a810fd800 1711       1       java.util.jar.JarFile::getVersionedEntry (85 bytes)
Event: 2.225 Thread 0x00007f8a810fd800 nmethod 1711 0x0000000115706890 code [0x0000000115706ae0, 0x0000000115707100]
Event: 2.225 Thread 0x00007f8a810fd800 1712       1       jdk.internal.reflect.ClassFileAssembler::emitConstantPoolMethodref (28 bytes)
Event: 2.226 Thread 0x00007f8a810fd800 nmethod 1712 0x0000000115707890 code [0x0000000115707a80, 0x0000000115707de0]
Event: 2.226 Thread 0x00007f8a810fd800 1713       1       jdk.internal.reflect.ClassFileAssembler::incStack (11 bytes)
Event: 2.226 Thread 0x00007f8a810fd800 nmethod 1713 0x0000000115708210 code [0x00000001157083c0, 0x0000000115708490]
Event: 2.226 Thread 0x00007f8a810fd800 1714       1       java.net.URL::<init> (8 bytes)
Event: 2.226 Thread 0x00007f8a810fd800 nmethod 1714 0x0000000115708590 code [0x0000000115708740, 0x0000000115708840]
Event: 2.226 Thread 0x00007f8a810fd800 1709       1       java.net.URLStreamHandler::setURL (73 bytes)

GC Heap History (2 events):
Event: 1.813 GC heap before
{Heap before GC invocations=0 (full 0):
 garbage-first heap   total 262144K, used 25600K [0x0000000700000000, 0x0000000800000000)
  region size 1024K, 24 young (24576K), 0 survivors (0K)
 Metaspace       used 10287K, capacity 10422K, committed 10624K, reserved 1058816K
  class space    used 982K, capacity 1034K, committed 1152K, reserved 1048576K
}
Event: 1.820 GC heap after
{Heap after GC invocations=1 (full 0):
 garbage-first heap   total 262144K, used 6715K [0x0000000700000000, 0x0000000800000000)
  region size 1024K, 3 young (3072K), 3 survivors (3072K)
 Metaspace       used 10287K, capacity 10422K, committed 10624K, reserved 1058816K
  class space    used 982K, capacity 1034K, committed 1152K, reserved 1048576K
}

Deoptimization events (0 events):
No events

Classes redefined (18 events):
Event: 1.691 Thread 0x00007f8ab1267800 redefined class name=java.io.FileInputStream, count=1
Event: 1.692 Thread 0x00007f8ab1267800 redefined class name=java.io.FileOutputStream, count=1
Event: 1.694 Thread 0x00007f8ab1267800 redefined class name=java.io.RandomAccessFile, count=1
Event: 1.695 Thread 0x00007f8ab1267800 redefined class name=sun.nio.ch.FileChannelImpl, count=1
Event: 1.697 Thread 0x00007f8ab1267800 redefined class name=java.net.SocketInputStream, count=2
Event: 1.698 Thread 0x00007f8ab1267800 redefined class name=java.net.SocketOutputStream, count=2
Event: 1.699 Thread 0x00007f8ab1267800 redefined class name=sun.nio.ch.SocketChannelImpl, count=1
Event: 1.701 Thread 0x00007f8ab1267800 redefined class name=java.lang.Throwable, count=1
Event: 1.702 Thread 0x00007f8ab1267800 redefined class name=java.lang.Error, count=2
Event: 1.835 Thread 0x00007f8ab1267800 redefined class name=jdk.jfr.events.ActiveRecordingEvent, count=1
Event: 1.837 Thread 0x00007f8ab1267800 redefined class name=jdk.jfr.events.ActiveSettingEvent, count=1
Event: 1.838 Thread 0x00007f8ab1267800 redefined class name=jdk.jfr.events.ErrorThrownEvent, count=1
Event: 1.839 Thread 0x00007f8ab1267800 redefined class name=jdk.jfr.events.ExceptionStatisticsEvent, count=1
Event: 1.840 Thread 0x00007f8ab1267800 redefined class name=jdk.jfr.events.SocketWriteEvent, count=1
Event: 1.842 Thread 0x00007f8ab1267800 redefined class name=jdk.jfr.events.SocketReadEvent, count=1
Event: 1.843 Thread 0x00007f8ab1267800 redefined class name=jdk.jfr.events.FileWriteEvent, count=1
Event: 1.844 Thread 0x00007f8ab1267800 redefined class name=jdk.jfr.events.FileReadEvent, count=1
Event: 1.845 Thread 0x00007f8ab1267800 redefined class name=jdk.jfr.events.FileForceEvent, count=1

Internal exceptions (20 events):
Event: 1.507 Thread 0x00007f8a81100000 Exception <a 'java/lang/ClassNotFoundException'{0x000000070f266ef0}: jdk/jfr/internal/handlers/EventHandler1756_1672170673596-2630> (0x000000070f266ef0) thrown at [src/hotspot/share/classfile/systemDictionary.cpp, line 230]
Event: 1.513 Thread 0x00007f8a81100000 Exception <a 'java/lang/ClassNotFoundException'{0x000000070f28c630}: jdk/jfr/internal/handlers/EventHandler1758_1672170673596-2630> (0x000000070f28c630) thrown at [src/hotspot/share/classfile/systemDictionary.cpp, line 230]
Event: 1.515 Thread 0x00007f8a81100000 Exception <a 'java/lang/ClassNotFoundException'{0x000000070f2a3968}: jdk/jfr/internal/handlers/EventHandler1760_1672170673596-2630> (0x000000070f2a3968) thrown at [src/hotspot/share/classfile/systemDictionary.cpp, line 230]
Event: 1.519 Thread 0x00007f8a81100000 Exception <a 'java/lang/ClassNotFoundException'{0x000000070f2b8ff8}: jdk/jfr/internal/handlers/EventHandler1762_1672170673596-2630> (0x000000070f2b8ff8) thrown at [src/hotspot/share/classfile/systemDictionary.cpp, line 230]
Event: 1.708 Thread 0x00007f8a81100000 Exception <a 'java/lang/NoSuchMethodError'{0x000000070eba6788}: 'void java.lang.invoke.DirectMethodHandle$Holder.invokeSpecial(java.lang.Object, java.lang.Object)'> (0x000000070eba6788) thrown at [src/hotspot/share/interpreter/linkResolver.cpp, line 773]
Event: 1.731 Thread 0x00007f8a81100000 Exception <a 'java/lang/NoSuchMethodError'{0x000000070ebaf6e8}: 'void java.lang.invoke.DirectMethodHandle$Holder.invokeStatic(java.lang.Object, java.lang.Object, int)'> (0x000000070ebaf6e8) thrown at [src/hotspot/share/interpreter/linkResolver.cpp, line 773]
Event: 1.732 Thread 0x00007f8a81100000 Exception <a 'java/lang/NoSuchMethodError'{0x000000070ebb5780}: 'java.lang.Object java.lang.invoke.Invokers$Holder.linkToTargetMethod(java.lang.Object, int, java.lang.Object)'> (0x000000070ebb5780) thrown at [src/hotspot/share/interpreter/linkResolver.cpp, line 773]
Event: 1.944 Thread 0x00007f8a81100000 Exception <a 'java/lang/NoSuchMethodError'{0x000000070fecceb0}: 'int java.lang.invoke.DirectMethodHandle$Holder.invokeInterface(java.lang.Object, java.lang.Object)'> (0x000000070fecceb0) thrown at [src/hotspot/share/interpreter/linkResolver.cpp, line 773]
Event: 1.944 Thread 0x00007f8a81100000 Exception <a 'java/lang/IncompatibleClassChangeError'{0x000000070fecfb88}: Found class java.lang.Object, but interface was expected> (0x000000070fecfb88) thrown at [src/hotspot/share/interpreter/linkResolver.cpp, line 839]
Event: 1.989 Thread 0x00007f8a81100000 Exception <a 'java/lang/NoSuchMethodError'{0x000000070fd97d58}: 'java.lang.Object java.lang.invoke.DirectMethodHandle$Holder.invokeStatic(java.lang.Object, java.lang.Object, java.lang.Object, java.lang.Object, java.lang.Object, java.lang.Object, java.lang.Object, java.lang.Object, java.lang.Object, java.lang.Object, java.lang.Object, int)'> (0x000000070fd97d58) thrown at [src/hotspot/share/interpreter/linkResolver.cpp, line 773]
Event: 1.993 Thread 0x00007f8a81100000 Exception <a 'java/lang/NoSuchMethodError'{0x000000070fdb61c8}: 'java.lang.Object java.lang.invoke.DirectMethodHandle$Holder.invokeStatic(java.lang.Object, java.lang.Object, java.lang.Object, java.lang.Object, java.lang.Object, java.lang.Object, java.lang.Object, java.lang.Object, java.lang.Object, java.lang.Object, java.lang.Object, int, int)'> (0x000000070fdb61c8) thrown at [src/hotspot/share/interpreter/linkResolver.cpp, line 773]
Event: 1.996 Thread 0x00007f8a81100000 Exception <a 'java/lang/NoSuchMethodError'{0x000000070fdd55a8}: 'java.lang.Object java.lang.invoke.DirectMethodHandle$Holder.invokeStatic(java.lang.Object, java.lang.Object, java.lang.Object, java.lang.Object, java.lang.Object, java.lang.Object, java.lang.Object, java.lang.Object, java.lang.Object, java.lang.Object, java.lang.Object, int, int, java.lang.Object)'> (0x000000070fdd55a8) thrown at [src/hotspot/share/interpreter/linkResolver.cpp, line 773]
Event: 1.998 Thread 0x00007f8a81100000 Exception <a 'java/lang/NoSuchMethodError'{0x000000070fdf60b8}: 'java.lang.Object java.lang.invoke.DirectMethodHandle$Holder.invokeStatic(java.lang.Object, java.lang.Object, java.lang.Object, java.lang.Object, java.lang.Object, java.lang.Object, java.lang.Object, java.lang.Object, java.lang.Object, java.lang.Object, java.lang.Object, int, int, java.lang.Object, java.lang.Object)'> (0x000000070fdf60b8) thrown at [src/hotspot/share/interpreter/linkResolver.cpp, line 773]
Event: 2.083 Thread 0x00007f8a81100000 Exception <a 'java/lang/NoSuchMethodError'{0x000000070fb83658}: 'int java.lang.invoke.DirectMethodHandle$Holder.invokeSpecialIFC(java.lang.Object, java.lang.Object, java.lang.Object)'> (0x000000070fb83658) thrown at [src/hotspot/share/interpreter/linkResolver.cpp, line 773]
Event: 2.109 Thread 0x00007f8a81100000 Exception <a 'java/lang/ClassNotFoundException'{0x000000070fbf8b20}: javax/management/remote/rmi/RMIServerImpl_Skel> (0x000000070fbf8b20) thrown at [src/hotspot/share/classfile/systemDictionary.cpp, line 230]
Event: 2.163 Thread 0x00007f8a81100000 Exception <a 'java/lang/ClassNotFoundException'{0x000000070f881178}: javax/smartcardio/CardPermission> (0x000000070f881178) thrown at [src/hotspot/share/classfile/systemDictionary.cpp, line 230]
Event: 2.165 Thread 0x00007f8a81100000 Exception <a 'java/io/FileNotFoundException'{0x000000070f88eb08}> (0x000000070f88eb08) thrown at [src/hotspot/share/prims/jni.cpp, line 617]
Event: 2.197 Thread 0x00007f8ab168b800 Exception <a 'java/lang/NoSuchMethodError'{0x000000070f7452c0}: 'java.lang.Object java.lang.invoke.DirectMethodHandle$Holder.invokeStatic(java.lang.Object, java.lang.Object, java.lang.Object, java.lang.Object, java.lang.Object, java.lang.Object, java.lang.Object, java.lang.Object, java.lang.Object, java.lang.Object, java.lang.Object, java.lang.Object, java.lang.Object, int)'> (0x000000070f7452c0) thrown at [src/hotspot/share/interpreter/linkResolver.cpp, line 773]
Event: 2.200 Thread 0x00007f8ab168b800 Exception <a 'java/lang/NoSuchMethodError'{0x000000070f751ba0}: 'java.lang.Object java.lang.invoke.DirectMethodHandle$Holder.invokeStatic(java.lang.Object, java.lang.Object, java.lang.Object, java.lang.Object, java.lang.Object, java.lang.Object, java.lang.Object, java.lang.Object, java.lang.Object, java.lang.Object, java.lang.Object, java.lang.Object, java.lang.Object, int, int)'> (0x000000070f751ba0) thrown at [src/hotspot/share/interpreter/linkResolver.cpp, line 773]
Event: 2.203 Thread 0x00007f8ab168b800 Exception <a 'java/lang/NoSuchMethodError'{0x000000070f76b5f0}: 'java.lang.Object java.lang.invoke.DelegatingMethodHandle$Holder.reinvoke_L(java.lang.Object, int, java.lang.Object)'> (0x000000070f76b5f0) thrown at [src/hotspot/share/interpreter/linkResolver.cpp, line 773]

Events (20 events):
Event: 2.223 loading class sun/util/locale/provider/DecimalFormatSymbolsProviderImpl
Event: 2.223 loading class sun/util/locale/provider/DecimalFormatSymbolsProviderImpl done
Event: 2.223 loading class java/io/ObjectInputStream$FieldValues
Event: 2.223 loading class java/io/ObjectInputStream$FieldValues done
Event: 2.223 loading class java/text/DecimalFormat
Event: 2.224 loading class java/text/DecimalFormat done
Event: 2.224 loading class java/text/FieldPosition
Event: 2.224 loading class java/text/FieldPosition done
Event: 2.224 loading class java/text/DigitList
Event: 2.224 loading class java/text/DigitList done
Event: 2.224 loading class java/math/RoundingMode
Event: 2.224 loading class java/math/RoundingMode done
Event: 2.225 loading class ch/qos/logback/classic/pattern/ThrowableProxyConverter
Event: 2.225 loading class ch/qos/logback/classic/pattern/ThrowableProxyConverter done
Event: 2.225 loading class java/rmi/dgc/Lease
Event: 2.225 loading class java/rmi/dgc/Lease done
Event: 2.225 loading class java/rmi/dgc/VMID
Event: 2.225 loading class java/rmi/dgc/VMID done
Event: 2.225 loading class ch/qos/logback/classic/pattern/ThrowableHandlingConverter
Event: 2.225 loading class ch/qos/logback/classic/pattern/ThrowableHandlingConverter done


Dynamic libraries:
0x000000010958e000 	/Library/Java/JavaVirtualMachines/amazon-corretto-11.jdk/Contents/Home/lib/jli/libjli.dylib
0x00007ff82e7ea000 	/System/Library/Frameworks/Cocoa.framework/Versions/A/Cocoa
0x00007ff8193db000 	/System/Library/Frameworks/AppKit.framework/Versions/C/AppKit
0x00007ff81c089000 	/System/Library/Frameworks/CoreData.framework/Versions/A/CoreData
0x00007ff8170f0000 	/System/Library/Frameworks/Foundation.framework/Versions/C/Foundation
0x00007ff8223eb000 	/usr/lib/libSystem.B.dylib
0x00007ff81a3e0000 	/System/Library/PrivateFrameworks/UIFoundation.framework/Versions/A/UIFoundation
0x00007ffa3532d000 	/System/Library/PrivateFrameworks/CollectionViewCore.framework/Versions/A/CollectionViewCore
0x00007ff8287fe000 	/System/Library/PrivateFrameworks/RemoteViewServices.framework/Versions/A/RemoteViewServices
0x00007ff8204c0000 	/System/Library/PrivateFrameworks/XCTTargetBootstrap.framework/Versions/A/XCTTargetBootstrap
0x00007ff824318000 	/System/Library/PrivateFrameworks/InternationalSupport.framework/Versions/A/InternationalSupport
0x00007ff8243a1000 	/System/Library/PrivateFrameworks/UserActivity.framework/Versions/A/UserActivity
0x00007ffb2b122000 	/System/Library/PrivateFrameworks/WindowManagement.framework/Versions/A/WindowManagement
0x00007ff816ddc000 	/System/Library/Frameworks/SystemConfiguration.framework/Versions/A/SystemConfiguration
0x00007ff823716000 	/usr/lib/libspindump.dylib
0x00007ff81a5ad000 	/System/Library/Frameworks/UniformTypeIdentifiers.framework/Versions/A/UniformTypeIdentifiers
0x00007ff81e9b7000 	/usr/lib/libapp_launch_measurement.dylib
0x00007ff81d62f000 	/System/Library/PrivateFrameworks/CoreAnalytics.framework/Versions/A/CoreAnalytics
0x00007ff81e9ba000 	/System/Library/PrivateFrameworks/CoreAutoLayout.framework/Versions/A/CoreAutoLayout
0x00007ff81fd47000 	/System/Library/Frameworks/Metal.framework/Versions/A/Metal
0x00007ff820c7f000 	/usr/lib/liblangid.dylib
0x00007ff8204c5000 	/System/Library/PrivateFrameworks/CoreSVG.framework/Versions/A/CoreSVG
0x00007ff81aee1000 	/System/Library/PrivateFrameworks/SkyLight.framework/Versions/A/SkyLight
0x00007ff81b2ca000 	/System/Library/Frameworks/CoreGraphics.framework/Versions/A/CoreGraphics
0x00007ff828ed8000 	/System/Library/Frameworks/Accelerate.framework/Versions/A/Accelerate
0x00007ff82318b000 	/System/Library/PrivateFrameworks/IconServices.framework/Versions/A/IconServices
0x00007ff81fd2a000 	/System/Library/Frameworks/IOSurface.framework/Versions/A/IOSurface
0x00007ff81d658000 	/usr/lib/libDiagnosticMessagesClient.dylib
0x00007ff822301000 	/usr/lib/libz.1.dylib
0x00007ff82c417000 	/System/Library/Frameworks/ApplicationServices.framework/Versions/A/ApplicationServices
0x00007ff8204ac000 	/System/Library/PrivateFrameworks/DFRFoundation.framework/Versions/A/DFRFoundation
0x00007ff818ca7000 	/usr/lib/libicucore.A.dylib
0x00007ff8251b8000 	/System/Library/Frameworks/AudioToolbox.framework/Versions/A/AudioToolbox
0x00007ff824323000 	/System/Library/PrivateFrameworks/DataDetectorsCore.framework/Versions/A/DataDetectorsCore
0x00007ff91db16000 	/System/Library/PrivateFrameworks/TextInput.framework/Versions/A/TextInput
0x00007ff81ae56000 	/usr/lib/libMobileGestalt.dylib
0x00007ff8201b4000 	/System/Library/Frameworks/Carbon.framework/Versions/A/Frameworks/HIToolbox.framework/Versions/A/HIToolbox
0x00007ff81e35b000 	/System/Library/Frameworks/QuartzCore.framework/Versions/A/QuartzCore
0x00007ff818927000 	/System/Library/Frameworks/Security.framework/Versions/A/Security
0x00007ff828836000 	/System/Library/Frameworks/Carbon.framework/Versions/A/Frameworks/SpeechRecognition.framework/Versions/A/SpeechRecognition
0x00007ff81e6f7000 	/System/Library/PrivateFrameworks/CoreUI.framework/Versions/A/CoreUI
0x00007ff81822c000 	/System/Library/Frameworks/CoreAudio.framework/Versions/A/CoreAudio
0x00007ff81d732000 	/System/Library/Frameworks/DiskArbitration.framework/Versions/A/DiskArbitration
0x00007ff823b33000 	/System/Library/PrivateFrameworks/MultitouchSupport.framework/Versions/A/MultitouchSupport
0x00007ff81ae55000 	/usr/lib/libenergytrace.dylib
0x00007ff8192bd000 	/System/Library/Frameworks/IOKit.framework/Versions/A/IOKit
0x00007ff828c2f000 	/System/Library/Frameworks/CoreServices.framework/Versions/A/CoreServices
0x00007ff81e94f000 	/System/Library/PrivateFrameworks/PerformanceAnalysis.framework/Versions/A/PerformanceAnalysis
0x00007ffa2b323000 	/System/Library/Frameworks/OpenGL.framework/Versions/A/OpenGL
0x00007ff81ea02000 	/usr/lib/libxml2.2.dylib
0x00007ff821882000 	/System/Library/PrivateFrameworks/MobileKeyBag.framework/Versions/A/MobileKeyBag
0x00007ff815f70000 	/usr/lib/libobjc.A.dylib
0x00007ff816234000 	/usr/lib/libc++.1.dylib
0x00007ff81baeb000 	/System/Library/Frameworks/ColorSync.framework/Versions/A/ColorSync
0x00007ff81633f000 	/System/Library/Frameworks/CoreFoundation.framework/Versions/A/CoreFoundation
0x00007ff820861000 	/System/Library/Frameworks/CoreImage.framework/Versions/A/CoreImage
0x00007ff81803d000 	/System/Library/Frameworks/CoreText.framework/Versions/A/CoreText
0x00007ff820500000 	/System/Library/Frameworks/ImageIO.framework/Versions/A/ImageIO
0x00007ff8223f1000 	/System/Library/PrivateFrameworks/SoftLinking.framework/Versions/A/SoftLinking
0x00007ff822670000 	/usr/lib/libcompression.dylib
0x00007ff82424a000 	/System/Library/PrivateFrameworks/TextureIO.framework/Versions/A/TextureIO
0x00007ff822dba000 	/usr/lib/libate.dylib
0x00007ff8223e6000 	/usr/lib/system/libcache.dylib
0x00007ff8223a1000 	/usr/lib/system/libcommonCrypto.dylib
0x00007ff8223ca000 	/usr/lib/system/libcompiler_rt.dylib
0x00007ff8223c0000 	/usr/lib/system/libcopyfile.dylib
0x00007ff81609f000 	/usr/lib/system/libcorecrypto.dylib
0x00007ff816161000 	/usr/lib/system/libdispatch.dylib
0x00007ff8162e9000 	/usr/lib/system/libdyld.dylib
0x00007ff8223dc000 	/usr/lib/system/libkeymgr.dylib
0x00007ff822380000 	/usr/lib/system/libmacho.dylib
0x00007ff82196e000 	/usr/lib/system/libquarantine.dylib
0x00007ff8223da000 	/usr/lib/system/libremovefile.dylib
0x00007ff81aeaf000 	/usr/lib/system/libsystem_asl.dylib
0x00007ff816041000 	/usr/lib/system/libsystem_blocks.dylib
0x00007ff8161ab000 	/usr/lib/system/libsystem_c.dylib
0x00007ff8223d2000 	/usr/lib/system/libsystem_collections.dylib
0x00007ff820c70000 	/usr/lib/system/libsystem_configuration.dylib
0x00007ff81fcfb000 	/usr/lib/system/libsystem_containermanager.dylib
0x00007ff82204b000 	/usr/lib/system/libsystem_coreservices.dylib
0x00007ff818f3b000 	/usr/lib/system/libsystem_darwin.dylib
0x00007ff8223dd000 	/usr/lib/system/libsystem_dnssd.dylib
0x00007ff8161a8000 	/usr/lib/system/libsystem_featureflags.dylib
0x00007ff816314000 	/usr/lib/system/libsystem_info.dylib
0x00007ff822314000 	/usr/lib/system/libsystem_m.dylib
0x00007ff816134000 	/usr/lib/system/libsystem_malloc.dylib
0x00007ff81ae3e000 	/usr/lib/system/libsystem_networkextension.dylib
0x00007ff81937c000 	/usr/lib/system/libsystem_notify.dylib
0x00007ff820c74000 	/usr/lib/system/libsystem_sandbox.dylib
0x00007ff8223d7000 	/usr/lib/system/libsystem_secinit.dylib
0x00007ff8162a3000 	/usr/lib/system/libsystem_kernel.dylib
0x00007ff81630a000 	/usr/lib/system/libsystem_platform.dylib
0x00007ff8162dd000 	/usr/lib/system/libsystem_pthread.dylib
0x00007ff81c8f8000 	/usr/lib/system/libsystem_symptoms.dylib
0x00007ff816085000 	/usr/lib/system/libsystem_trace.dylib
0x00007ff8223ad000 	/usr/lib/system/libunwind.dylib
0x00007ff816045000 	/usr/lib/system/libxpc.dylib
0x00007ff81628d000 	/usr/lib/libc++abi.dylib
0x00007ff8223b8000 	/usr/lib/liboah.dylib
0x00007ff822b4b000 	/usr/lib/liblzma.5.dylib
0x00007ff8223ed000 	/usr/lib/libfakelink.dylib
0x00007ff81aa99000 	/System/Library/Frameworks/CFNetwork.framework/Versions/A/CFNetwork
0x00007ff82252a000 	/usr/lib/libarchive.2.dylib
0x00007ff826ae7000 	/System/Library/Frameworks/Combine.framework/Versions/A/Combine
0x00007ff824c30000 	/usr/lib/swift/libswiftCore.dylib
0x00007ff91ab90000 	/usr/lib/swift/libswiftCoreFoundation.dylib
0x00007ff918b92000 	/usr/lib/swift/libswiftDarwin.dylib
0x00007ff82a452000 	/usr/lib/swift/libswiftDispatch.dylib
0x00007ff91abac000 	/usr/lib/swift/libswiftIOKit.dylib
0x00007ff82c840000 	/usr/lib/swift/libswiftObjectiveC.dylib
0x00007ff91aba1000 	/usr/lib/swift/libswiftXPC.dylib
0x00007ffb3199e000 	/usr/lib/swift/libswift_Concurrency.dylib
0x00007ffb31add000 	/usr/lib/swift/libswift_StringProcessing.dylib
0x00007ff82c844000 	/usr/lib/swift/libswiftos.dylib
0x00007ff819242000 	/System/Library/PrivateFrameworks/CoreServicesInternal.framework/Versions/A/CoreServicesInternal
0x00007ff821995000 	/usr/lib/libbsm.0.dylib
0x00007ff822385000 	/usr/lib/system/libkxld.dylib
0x00007ff81e983000 	/System/Library/Frameworks/CoreServices.framework/Versions/A/Frameworks/FSEvents.framework/Versions/A/FSEvents
0x00007ff818f46000 	/System/Library/Frameworks/CoreServices.framework/Versions/A/Frameworks/CarbonCore.framework/Versions/A/CarbonCore
0x00007ff81d69b000 	/System/Library/Frameworks/CoreServices.framework/Versions/A/Frameworks/Metadata.framework/Versions/A/Metadata
0x00007ff822051000 	/System/Library/Frameworks/CoreServices.framework/Versions/A/Frameworks/OSServices.framework/Versions/A/OSServices
0x00007ff8225b2000 	/System/Library/Frameworks/CoreServices.framework/Versions/A/Frameworks/SearchKit.framework/Versions/A/SearchKit
0x00007ff81c87f000 	/System/Library/Frameworks/CoreServices.framework/Versions/A/Frameworks/AE.framework/Versions/A/AE
0x00007ff8167d7000 	/System/Library/Frameworks/CoreServices.framework/Versions/A/Frameworks/LaunchServices.framework/Versions/A/LaunchServices
0x00007ff822afc000 	/System/Library/Frameworks/CoreServices.framework/Versions/A/Frameworks/DictionaryServices.framework/Versions/A/DictionaryServices
0x00007ff81e990000 	/System/Library/Frameworks/CoreServices.framework/Versions/A/Frameworks/SharedFileList.framework/Versions/A/SharedFileList
0x00007ff82263e000 	/usr/lib/libapple_nghttp2.dylib
0x00007ff81aa95000 	/usr/lib/libnetwork.dylib
0x00007ff81c4ff000 	/usr/lib/libsqlite3.dylib
0x00007ff81c900000 	/System/Library/Frameworks/Network.framework/Versions/A/Network
0x00007ffb309ca000 	/usr/lib/libCoreEntitlements.dylib
0x00007ffb1e71f000 	/System/Library/PrivateFrameworks/MessageSecurity.framework/Versions/A/MessageSecurity
0x00007ff81c4e6000 	/System/Library/PrivateFrameworks/ProtocolBuffer.framework/Versions/A/ProtocolBuffer
0x00007ff82202b000 	/System/Library/PrivateFrameworks/AppleFSCompression.framework/Versions/A/AppleFSCompression
0x00007ff82197d000 	/usr/lib/libcoretls.dylib
0x00007ff822b65000 	/usr/lib/libcoretls_cfhelpers.dylib
0x00007ff82266b000 	/usr/lib/libpam.2.dylib
0x00007ff822bd2000 	/usr/lib/libxar.1.dylib
0x00007ff823167000 	/usr/lib/libheimdal-asn1.dylib
0x00007ff8223f2000 	/usr/lib/libpcap.A.dylib
0x00007ff81c8ef000 	/usr/lib/libdns_services.dylib
0x00007ff820c7b000 	/System/Library/PrivateFrameworks/AppleSystemInfo.framework/Versions/A/AppleSystemInfo
0x00007ff82168c000 	/System/Library/PrivateFrameworks/IOMobileFramebuffer.framework/Versions/A/IOMobileFramebuffer
0x00007ff82203b000 	/usr/lib/libbz2.1.0.dylib
0x00007ff821971000 	/usr/lib/libCheckFix.dylib
0x00007ff81aec6000 	/System/Library/PrivateFrameworks/TCC.framework/Versions/A/TCC
0x00007ff820c81000 	/System/Library/PrivateFrameworks/CoreNLP.framework/Versions/A/CoreNLP
0x00007ff81d65a000 	/System/Library/PrivateFrameworks/MetadataUtilities.framework/Versions/A/MetadataUtilities
0x00007ff8219a5000 	/usr/lib/libmecab.dylib
0x00007ff816e5b000 	/usr/lib/libCRFSuite.dylib
0x00007ff8219ff000 	/usr/lib/libgermantok.dylib
0x00007ff822619000 	/usr/lib/libThaiTokenizer.dylib
0x00007ff81d73a000 	/System/Library/Frameworks/Accelerate.framework/Versions/A/Frameworks/vImage.framework/Versions/A/vImage
0x00007ff828c02000 	/System/Library/Frameworks/Accelerate.framework/Versions/A/Frameworks/vecLib.framework/Versions/A/vecLib
0x00007ff822c14000 	/System/Library/Frameworks/Accelerate.framework/Versions/A/Frameworks/vecLib.framework/Versions/A/libvMisc.dylib
0x00007ff821487000 	/System/Library/Frameworks/Accelerate.framework/Versions/A/Frameworks/vecLib.framework/Versions/A/libvDSP.dylib
0x00007ff816b91000 	/System/Library/Frameworks/Accelerate.framework/Versions/A/Frameworks/vecLib.framework/Versions/A/libBLAS.dylib
0x00007ff82274f000 	/System/Library/Frameworks/Accelerate.framework/Versions/A/Frameworks/vecLib.framework/Versions/A/libLAPACK.dylib
0x00007ff821a02000 	/System/Library/Frameworks/Accelerate.framework/Versions/A/Frameworks/vecLib.framework/Versions/A/libLinearAlgebra.dylib
0x00007ff822656000 	/System/Library/Frameworks/Accelerate.framework/Versions/A/Frameworks/vecLib.framework/Versions/A/libSparseBLAS.dylib
0x00007ff822749000 	/System/Library/Frameworks/Accelerate.framework/Versions/A/Frameworks/vecLib.framework/Versions/A/libQuadrature.dylib
0x00007ff820d6e000 	/System/Library/Frameworks/Accelerate.framework/Versions/A/Frameworks/vecLib.framework/Versions/A/libBNNS.dylib
0x00007ff816d65000 	/System/Library/Frameworks/Accelerate.framework/Versions/A/Frameworks/vecLib.framework/Versions/A/libSparse.dylib
0x00007ffb1da5c000 	/System/Library/PrivateFrameworks/MIL.framework/Versions/A/MIL
0x00007ff822427000 	/usr/lib/libiconv.2.dylib
0x00007ff82237f000 	/usr/lib/libcharset.1.dylib
0x00007ff81e967000 	/System/Library/Frameworks/OpenDirectory.framework/Versions/A/Frameworks/CFOpenDirectory.framework/Versions/A/CFOpenDirectory
0x00007ff81e95b000 	/System/Library/Frameworks/OpenDirectory.framework/Versions/A/OpenDirectory
0x00007ff822b67000 	/System/Library/PrivateFrameworks/APFS.framework/Versions/A/APFS
0x00007ff8218b5000 	/System/Library/Frameworks/SecurityFoundation.framework/Versions/A/SecurityFoundation
0x00007ff822be0000 	/usr/lib/libutil.dylib
0x00007ffb1cc62000 	/System/Library/PrivateFrameworks/InstalledContentLibrary.framework/Versions/A/InstalledContentLibrary
0x00007ff819281000 	/System/Library/PrivateFrameworks/CoreServicesStore.framework/Versions/A/CoreServicesStore
0x00007ffa33e9a000 	/System/Library/PrivateFrameworks/AppleMobileFileIntegrity.framework/Versions/A/AppleMobileFileIntegrity
0x00007ff91ab70000 	/usr/lib/libmis.dylib
0x00007ff92903a000 	/System/Library/PrivateFrameworks/MobileSystemServices.framework/Versions/A/MobileSystemServices
0x00007ffa22dd5000 	/System/Library/PrivateFrameworks/ConfigProfileHelper.framework/Versions/A/ConfigProfileHelper
0x00007ff82261b000 	/System/Library/PrivateFrameworks/AppleSauce.framework/Versions/A/AppleSauce
0x00007ff817b02000 	/System/Library/PrivateFrameworks/LanguageModeling.framework/Versions/A/LanguageModeling
0x00007ff822be4000 	/usr/lib/libxslt.1.dylib
0x00007ff822519000 	/usr/lib/libcmph.dylib
0x00007ff82167a000 	/System/Library/PrivateFrameworks/CoreEmoji.framework/Versions/A/CoreEmoji
0x00007ff820d68000 	/System/Library/PrivateFrameworks/LinguisticData.framework/Versions/A/LinguisticData
0x00007ff816d1b000 	/System/Library/PrivateFrameworks/Lexicon.framework/Versions/A/Lexicon
0x00007ff821943000 	/System/Library/PrivateFrameworks/BackgroundTaskManagement.framework/Versions/A/BackgroundTaskManagement
0x00007ffb30b00000 	/usr/lib/libTLE.dylib
0x00007ffb31a22000 	/usr/lib/swift/libswift_RegexParser.dylib
0x00007ff8239fd000 	/System/Library/PrivateFrameworks/AppleJPEG.framework/Versions/A/AppleJPEG
0x00007ff82314c000 	/usr/lib/libexpat.1.dylib
0x00007ff8240a7000 	/System/Library/Frameworks/ImageIO.framework/Versions/A/Resources/libPng.dylib
0x00007ff8240d4000 	/System/Library/Frameworks/ImageIO.framework/Versions/A/Resources/libTIFF.dylib
0x00007ff8241c4000 	/System/Library/Frameworks/ImageIO.framework/Versions/A/Resources/libGIF.dylib
0x00007ff823a48000 	/System/Library/Frameworks/ImageIO.framework/Versions/A/Resources/libJP2.dylib
0x00007ff824164000 	/System/Library/Frameworks/ImageIO.framework/Versions/A/Resources/libJPEG.dylib
0x00007ff82415b000 	/System/Library/Frameworks/ImageIO.framework/Versions/A/Resources/libRadiance.dylib
0x00007ff82004a000 	/System/Library/PrivateFrameworks/FontServices.framework/libFontParser.dylib
0x00007ff81c825000 	/System/Library/PrivateFrameworks/RunningBoardServices.framework/Versions/A/RunningBoardServices
0x00007ff82ee20000 	/System/Library/PrivateFrameworks/IOSurfaceAccelerator.framework/Versions/A/IOSurfaceAccelerator
0x00007ff823b2f000 	/System/Library/PrivateFrameworks/WatchdogClient.framework/Versions/A/WatchdogClient
0x00007ff817c64000 	/System/Library/Frameworks/CoreDisplay.framework/Versions/A/CoreDisplay
0x00007ff81ff3a000 	/System/Library/Frameworks/CoreMedia.framework/Versions/A/CoreMedia
0x00007ff81fd3e000 	/System/Library/PrivateFrameworks/IOAccelerator.framework/Versions/A/IOAccelerator
0x00007ff81eae1000 	/System/Library/Frameworks/CoreVideo.framework/Versions/A/CoreVideo
0x00007ff822669000 	/System/Library/Frameworks/MetalPerformanceShaders.framework/Versions/A/MetalPerformanceShaders
0x00007ff823b6c000 	/System/Library/Frameworks/VideoToolbox.framework/Versions/A/VideoToolbox
0x00007ff81c76a000 	/System/Library/PrivateFrameworks/BaseBoard.framework/Versions/A/BaseBoard
0x00007ff824154000 	/System/Library/PrivateFrameworks/GPUWrangler.framework/Versions/A/GPUWrangler
0x00007ff824138000 	/System/Library/PrivateFrameworks/IOPresentment.framework/Versions/A/IOPresentment
0x00007ff82415e000 	/System/Library/PrivateFrameworks/DSExternalDisplay.framework/Versions/A/DSExternalDisplay
0x00007ffb1937b000 	/System/Library/PrivateFrameworks/GPUCompiler.framework/Versions/31001/Libraries/libllvm-flatbuffers.dylib
0x00007ffa2b317000 	/System/Library/Frameworks/OpenGL.framework/Versions/A/Libraries/libCoreFSCache.dylib
0x00007ffb19377000 	/System/Library/PrivateFrameworks/GPUCompiler.framework/Versions/31001/Libraries/libGPUCompilerUtils.dylib
0x00007ff8241ca000 	/System/Library/PrivateFrameworks/CMCaptureCore.framework/Versions/A/CMCaptureCore
0x00007ffa2e503000 	/System/Library/Frameworks/ExtensionFoundation.framework/Versions/A/ExtensionFoundation
0x00007ff82abcb000 	/System/Library/PrivateFrameworks/CoreTime.framework/Versions/A/CoreTime
0x00007ff823700000 	/System/Library/PrivateFrameworks/AppServerSupport.framework/Versions/A/AppServerSupport
0x00007ff825a7d000 	/System/Library/PrivateFrameworks/perfdata.framework/Versions/A/perfdata
0x00007ff817d90000 	/System/Library/PrivateFrameworks/AudioToolboxCore.framework/Versions/A/AudioToolboxCore
0x00007ff81ff14000 	/System/Library/PrivateFrameworks/caulk.framework/Versions/A/caulk
0x00007ff82534f000 	/usr/lib/libAudioStatistics.dylib
0x00007ff91a015000 	/System/Library/PrivateFrameworks/SystemPolicy.framework/Versions/A/SystemPolicy
0x00007ff8255e8000 	/usr/lib/libSMC.dylib
0x00007ff82e68f000 	/System/Library/Frameworks/CoreMIDI.framework/Versions/A/CoreMIDI
0x00007ff824075000 	/usr/lib/libAudioToolboxUtility.dylib
0x00007ff833b56000 	/System/Library/PrivateFrameworks/OSAServicesClient.framework/Versions/A/OSAServicesClient
0x00007ff825a8a000 	/usr/lib/libperfcheck.dylib
0x00007ff823030000 	/System/Library/PrivateFrameworks/PlugInKit.framework/Versions/A/PlugInKit
0x00007ff8218a8000 	/System/Library/PrivateFrameworks/AssertionServices.framework/Versions/A/AssertionServices
0x00007ffa2b372000 	/System/Library/Frameworks/OpenGL.framework/Versions/A/Libraries/libGLU.dylib
0x00007ffa2b336000 	/System/Library/Frameworks/OpenGL.framework/Versions/A/Libraries/libGFXShared.dylib
0x00007ffa2b53f000 	/System/Library/Frameworks/OpenGL.framework/Versions/A/Libraries/libGL.dylib
0x00007ffa2b33f000 	/System/Library/Frameworks/OpenGL.framework/Versions/A/Libraries/libGLImage.dylib
0x00007ffa2b333000 	/System/Library/Frameworks/OpenGL.framework/Versions/A/Libraries/libCVMSPluginSupport.dylib
0x00007ffb30adf000 	/usr/lib/libRosetta.dylib
0x00007ffa2b31e000 	/System/Library/Frameworks/OpenGL.framework/Versions/A/Libraries/libCoreVMClient.dylib
0x00007ff820bf9000 	/System/Library/Frameworks/MetalPerformanceShaders.framework/Versions/A/Frameworks/MPSCore.framework/Versions/A/MPSCore
0x00007ff821f95000 	/System/Library/Frameworks/MetalPerformanceShaders.framework/Versions/A/Frameworks/MPSImage.framework/Versions/A/MPSImage
0x00007ff821a18000 	/System/Library/Frameworks/MetalPerformanceShaders.framework/Versions/A/Frameworks/MPSNeuralNetwork.framework/Versions/A/MPSNeuralNetwork
0x00007ff821e8b000 	/System/Library/Frameworks/MetalPerformanceShaders.framework/Versions/A/Frameworks/MPSMatrix.framework/Versions/A/MPSMatrix
0x00007ff821c46000 	/System/Library/Frameworks/MetalPerformanceShaders.framework/Versions/A/Frameworks/MPSRayIntersector.framework/Versions/A/MPSRayIntersector
0x00007ff821ec6000 	/System/Library/Frameworks/MetalPerformanceShaders.framework/Versions/A/Frameworks/MPSNDArray.framework/Versions/A/MPSNDArray
0x00007ffa2f854000 	/System/Library/Frameworks/MetalPerformanceShaders.framework/Versions/A/Frameworks/MPSFunctions.framework/Versions/A/MPSFunctions
0x00007ff816a52000 	/System/Library/PrivateFrameworks/MetalTools.framework/Versions/A/MetalTools
0x00007ff820c7a000 	/System/Library/PrivateFrameworks/AggregateDictionary.framework/Versions/A/AggregateDictionary
0x00007ff822eea000 	/usr/lib/libIOReport.dylib
0x00007ffa2c006000 	/System/Library/Frameworks/OpenCL.framework/Versions/A/OpenCL
0x00007ff823292000 	/System/Library/PrivateFrameworks/GraphVisualizer.framework/Versions/A/GraphVisualizer
0x00007ffb1927c000 	/System/Library/PrivateFrameworks/FontServices.framework/Versions/A/FontServices
0x00007ff8236bb000 	/System/Library/PrivateFrameworks/OTSVG.framework/Versions/A/OTSVG
0x00007ff81e6ab000 	/System/Library/Frameworks/ApplicationServices.framework/Versions/A/Frameworks/ATS.framework/Versions/A/Resources/libFontRegistry.dylib
0x00007ff82370a000 	/System/Library/PrivateFrameworks/FontServices.framework/libhvf.dylib
0x00007ffb1927d000 	/System/Library/PrivateFrameworks/FontServices.framework/libXTFontStaticRegistryData.dylib
0x00007ffb2a0fe000 	/System/Library/PrivateFrameworks/VideoToolboxParavirtualizationSupport.framework/Versions/A/VideoToolboxParavirtualizationSupport
0x00007ff8230fc000 	/System/Library/PrivateFrameworks/AppleVA.framework/Versions/A/AppleVA
0x00007ff82538b000 	/System/Library/Frameworks/ApplicationServices.framework/Versions/A/Frameworks/ATS.framework/Versions/A/ATS
0x00007ff81bbdb000 	/System/Library/Frameworks/ApplicationServices.framework/Versions/A/Frameworks/HIServices.framework/Versions/A/HIServices
0x00007ff8241d6000 	/System/Library/Frameworks/ApplicationServices.framework/Versions/A/Frameworks/PrintCore.framework/Versions/A/PrintCore
0x00007ff82573d000 	/System/Library/Frameworks/ApplicationServices.framework/Versions/A/Frameworks/QD.framework/Versions/A/QD
0x00007ff825735000 	/System/Library/Frameworks/ApplicationServices.framework/Versions/A/Frameworks/ColorSyncLegacy.framework/Versions/A/ColorSyncLegacy
0x00007ff825363000 	/System/Library/Frameworks/ApplicationServices.framework/Versions/A/Frameworks/SpeechSynthesis.framework/Versions/A/SpeechSynthesis
0x00007ff824194000 	/System/Library/Frameworks/ApplicationServices.framework/Versions/A/Frameworks/ATSUI.framework/Versions/A/ATSUI
0x00007ff8256c8000 	/usr/lib/libcups.2.dylib
0x00007ff825a99000 	/System/Library/Frameworks/Kerberos.framework/Versions/A/Kerberos
0x00007ff825aa8000 	/System/Library/Frameworks/GSS.framework/Versions/A/GSS
0x00007ff8253f9000 	/usr/lib/libresolv.9.dylib
0x00007ff82371b000 	/System/Library/PrivateFrameworks/Heimdal.framework/Versions/A/Heimdal
0x00007ff82c7c4000 	/System/Library/Frameworks/Kerberos.framework/Versions/A/Libraries/libHeimdalProxy.dylib
0x00007ff825af3000 	/System/Library/PrivateFrameworks/CommonAuth.framework/Versions/A/CommonAuth
0x00007ffa2d7e3000 	/System/Library/Frameworks/AVFAudio.framework/Versions/A/AVFAudio
0x00007ff833b9f000 	/System/Library/PrivateFrameworks/AXCoreUtilities.framework/Versions/A/AXCoreUtilities
0x00007ff8252df000 	/System/Library/PrivateFrameworks/AudioSession.framework/Versions/A/AudioSession
0x00007ff8268c0000 	/System/Library/Frameworks/IOBluetooth.framework/Versions/A/IOBluetooth
0x00007ff823202000 	/System/Library/PrivateFrameworks/MediaExperience.framework/Versions/A/MediaExperience
0x00007ff825187000 	/System/Library/PrivateFrameworks/AudioSession.framework/libSessionUtility.dylib
0x00007ff825749000 	/System/Library/PrivateFrameworks/AudioResourceArbitration.framework/Versions/A/AudioResourceArbitration
0x00007ff82980f000 	/System/Library/PrivateFrameworks/PowerLog.framework/Versions/A/PowerLog
0x00007ff829751000 	/System/Library/Frameworks/CoreBluetooth.framework/Versions/A/CoreBluetooth
0x00007ff82c7c5000 	/System/Library/Frameworks/AudioUnit.framework/Versions/A/AudioUnit
0x00007ff821713000 	/System/Library/PrivateFrameworks/CoreUtils.framework/Versions/A/CoreUtils
0x00007ffb17e51000 	/System/Library/PrivateFrameworks/CoreUtilsExtras.framework/Versions/A/CoreUtilsExtras
0x00007ffb1caf9000 	/System/Library/PrivateFrameworks/IO80211.framework/Versions/A/IO80211
0x00007ff823170000 	/System/Library/PrivateFrameworks/IconFoundation.framework/Versions/A/IconFoundation
0x00007ff828826000 	/System/Library/PrivateFrameworks/SpeechRecognitionCore.framework/Versions/A/SpeechRecognitionCore
0x000000010a37d000 	/Library/Java/JavaVirtualMachines/amazon-corretto-11.jdk/Contents/Home/lib/server/libjvm.dylib
0x0000000109636000 	/Library/Java/JavaVirtualMachines/amazon-corretto-11.jdk/Contents/Home/lib/libverify.dylib
0x000000010965e000 	/Library/Java/JavaVirtualMachines/amazon-corretto-11.jdk/Contents/Home/lib/libjava.dylib
0x000000010954e000 	/Library/Java/JavaVirtualMachines/amazon-corretto-11.jdk/Contents/Home/lib/libjimage.dylib
0x00000001096dc000 	/Library/Java/JavaVirtualMachines/amazon-corretto-11.jdk/Contents/Home/lib/libinstrument.dylib
0x00000001097aa000 	/private/var/folders/8g/tt9j8nrn27b89mmc4_sqs8ch0000gn/T/libasyncProfiler.so
0x0000000109757000 	/Library/Java/JavaVirtualMachines/amazon-corretto-11.jdk/Contents/Home/lib/libzip.dylib
0x0000000131d1d000 	/Library/Java/JavaVirtualMachines/amazon-corretto-11.jdk/Contents/Home/lib/libnio.dylib
0x0000000131d6d000 	/Library/Java/JavaVirtualMachines/amazon-corretto-11.jdk/Contents/Home/lib/libnet.dylib
0x000000010960a000 	/Library/Java/JavaVirtualMachines/amazon-corretto-11.jdk/Contents/Home/lib/libextnet.dylib
0x000000013241f000 	/Library/Java/JavaVirtualMachines/amazon-corretto-11.jdk/Contents/Home/lib/libmanagement.dylib
0x0000000132648000 	/Library/Java/JavaVirtualMachines/amazon-corretto-11.jdk/Contents/Home/lib/libmanagement_ext.dylib


VM Arguments:
jvm_args: -XX:TieredStopAtLevel=1 -Xverify:none -Dspring.profiles.active=test -Dspring.output.ansi.enabled=always -Dcom.sun.management.jmxremote -Dspring.jmx.enabled=true -Dspring.liveBeansView.mbeanDomain -Dspring.application.admin.enabled=true -javaagent:/Applications/IntelliJ IDEA.app/Contents/lib/idea_rt.jar=50327:/Applications/IntelliJ IDEA.app/Contents/bin -agentpath:/private/var/folders/8g/tt9j8nrn27b89mmc4_sqs8ch0000gn/T/libasyncProfiler.so=start,jfr,event=cpu,interval=1ms,jfrsync=profile,file=/Users/sergeyshakhov/ShareItApp_2022_12_27_205112.jfr -Dfile.encoding=UTF-8 
java_command: ru.practicum.shareit.ShareItApp
java_class_path (initial): /Users/sergeyshakhov/dev/java-shareit/target/classes:/Users/sergeyshakhov/.m2/repository/org/springframework/boot/spring-boot-starter-web/2.7.6/spring-boot-starter-web-2.7.6.jar:/Users/sergeyshakhov/.m2/repository/org/springframework/boot/spring-boot-starter/2.7.6/spring-boot-starter-2.7.6.jar:/Users/sergeyshakhov/.m2/repository/org/springframework/boot/spring-boot/2.7.6/spring-boot-2.7.6.jar:/Users/sergeyshakhov/.m2/repository/org/springframework/boot/spring-boot-autoconfigure/2.7.6/spring-boot-autoconfigure-2.7.6.jar:/Users/sergeyshakhov/.m2/repository/org/springframework/boot/spring-boot-starter-logging/2.7.6/spring-boot-starter-logging-2.7.6.jar:/Users/sergeyshakhov/.m2/repository/ch/qos/logback/logback-classic/1.2.11/logback-classic-1.2.11.jar:/Users/sergeyshakhov/.m2/repository/ch/qos/logback/logback-core/1.2.11/logback-core-1.2.11.jar:/Users/sergeyshakhov/.m2/repository/org/apache/logging/log4j/log4j-to-slf4j/2.17.2/log4j-to-slf4j-2.17.2.jar:/Users/sergeyshakhov/.m2/repository/org/apache/logging/log4j/log4j-api/2.17.2/log4j-api-2.17.2.jar:/Users/sergeyshakhov/.m2/repository/org/slf4j/jul-to-slf4j/1.7.36/jul-to-slf4j-1.7.36.jar:/Users/sergeyshakhov/.m2/repository/jakarta/annotation/jakarta.annotation-api/1.3.5/jakarta.annotation-api-1.3.5.jar:/Users/sergeyshakhov/.m2/repository/org/yaml/snakeyaml/1.30/snakeyaml-1.30.jar:/Users/sergeyshakhov/.m2/repository/org/springframework/boot/spring-boot-starter-json/2.7.6/spring-boot-starter-json-2.7.6.jar:/Users/sergeyshakhov/.m2/repository/com/fasterxml/jackson/core/jackson-databind/2.13.4.2/jackson-databind-2.13.4.2.jar:/Users/sergeyshakhov/.m2/repository/com/fasterxml/jackson/core/jackson-annotations/2.13.4/jackson-annotations-2.13.4.jar:/Users/sergeyshakhov/.m2/repository/com/fasterxml/jackson/core/jackson-core/2.13.4/jackson-core-2.13.4.jar:/Users/sergeyshakhov/.m2/repository/com/fasterxml/jackson/datatype/jackson-datatype-jdk8/2.13.4/jackson-datatype-jdk8-2.13.4.jar:/Users/sergeyshakhov
Launcher Type: SUN_STANDARD

[Global flags]
     bool BytecodeVerificationLocal                = false                                     {product} {command line}
     bool BytecodeVerificationRemote               = false                                     {product} {command line}
     intx CICompilerCount                          = 4                                         {product} {ergonomic}
     uint ConcGCThreads                            = 2                                         {product} {ergonomic}
     bool FlightRecorder                           = true                                      {product} {management}
     uint G1ConcRefinementThreads                  = 9                                         {product} {ergonomic}
   size_t G1HeapRegionSize                         = 1048576                                   {product} {ergonomic}
    uintx GCDrainStackTargetSize                   = 64                                        {product} {ergonomic}
   size_t InitialHeapSize                          = 268435456                                 {product} {ergonomic}
     bool ManagementServer                         = true                                      {product} {command line}
   size_t MarkStackSize                            = 4194304                                   {product} {ergonomic}
   size_t MaxHeapSize                              = 4294967296                                {product} {ergonomic}
   size_t MaxNewSize                               = 2576351232                                {product} {ergonomic}
   size_t MinHeapDeltaBytes                        = 1048576                                   {product} {ergonomic}
    uintx NonNMethodCodeHeapSize                   = 7549744                                {pd product} {ergonomic}
    uintx NonProfiledCodeHeapSize                  = 244108496                              {pd product} {ergonomic}
    uintx ProfiledCodeHeapSize                     = 0                                      {pd product} {ergonomic}
    uintx ReservedCodeCacheSize                    = 251658240                              {pd product} {ergonomic}
     bool SegmentedCodeCache                       = true                                      {product} {ergonomic}
     intx TieredStopAtLevel                        = 1                                         {product} {command line}
     bool UseCompressedClassPointers               = true                                 {lp64_product} {ergonomic}
     bool UseCompressedOops                        = true                                 {lp64_product} {ergonomic}
     bool UseG1GC                                  = true                                      {product} {ergonomic}

Logging:
Log output configuration:
 #0: stdout all=warning uptime,level,tags
 #1: stderr all=off uptime,level,tags

Environment Variables:
PATH=/opt/homebrew/bin:/opt/homebrew/sbin:/usr/local/bin:/System/Cryptexes/App/usr/bin:/usr/bin:/bin:/usr/sbin:/sbin
SHELL=/bin/zsh
LC_CTYPE=ru_RU.UTF-8
TMPDIR=/var/folders/8g/tt9j8nrn27b89mmc4_sqs8ch0000gn/T/

Signal Handlers:
SIGSEGV: [libjvm.dylib+0x7d05ce], sa_mask[0]=11111111111111111111111111111111, sa_flags=SA_ONSTACK|SA_RESTART|SA_SIGINFO
SIGBUS: [libjvm.dylib+0x7d05ce], sa_mask[0]=11111111111111111111111111111111, sa_flags=SA_RESTART|SA_SIGINFO
SIGFPE: [libjvm.dylib+0x7d05ce], sa_mask[0]=11111111111111111111111111111111, sa_flags=SA_RESTART|SA_SIGINFO
SIGPIPE: [libjvm.dylib+0x633bb4], sa_mask[0]=11111111111111111111111111111111, sa_flags=SA_RESTART|SA_SIGINFO
SIGXFSZ: [libjvm.dylib+0x633bb4], sa_mask[0]=11111111111111111111111111111111, sa_flags=SA_RESTART|SA_SIGINFO
SIGILL: [libjvm.dylib+0x7d05ce], sa_mask[0]=11111111111111111111111111111111, sa_flags=SA_RESTART|SA_SIGINFO
SIGUSR2: [libjvm.dylib+0x634192], sa_mask[0]=00100000000000000000000000000000, sa_flags=SA_RESTART|SA_SIGINFO
SIGHUP: [libjvm.dylib+0x632cc1], sa_mask[0]=11111111111111111111111111111111, sa_flags=SA_RESTART|SA_SIGINFO
SIGINT: [libjvm.dylib+0x632cc1], sa_mask[0]=11111111111111111111111111111111, sa_flags=SA_RESTART|SA_SIGINFO
SIGTERM: [libjvm.dylib+0x632cc1], sa_mask[0]=11111111111111111111111111111111, sa_flags=SA_RESTART|SA_SIGINFO
SIGQUIT: [libjvm.dylib+0x632cc1], sa_mask[0]=11111111111111111111111111111111, sa_flags=SA_RESTART|SA_SIGINFO


---------------  S Y S T E M  ---------------

OS:uname:Darwin 22.1.0 Darwin Kernel Version 22.1.0: Sun Oct  9 20:15:09 PDT 2022; root:xnu-8792.41.9~2/RELEASE_ARM64_T6000 x86_64
OS uptime: 0 days 7:23 hours
rlimit (soft/hard): STACK 8176k/65520k , CORE 0k/infinity , NPROC 2666/4000 , NOFILE 10240/infinity , AS infinity/infinity , CPU infinity/infinity , DATA infinity/infinity , FSIZE infinity/infinity , MEMLOCK infinity/infinity , RSS infinity/infinity
load average:1.96 2.06 1.94

CPU:total 10 (initial active 10) (1 cores per cpu, 1 threads per core) family 6 model 44 stepping 0 microcode 0x0, cmov, cx8, fxsr, mmx, sse, sse2, sse3, ssse3, sse4.1, sse4.2, popcnt, aes, clmul, tsc, tscinvbit, tscinv

Memory: 4k page, physical 16777216k(84064k free), swap 0k(0k free)

vm_info: OpenJDK 64-Bit Server VM (11.0.17+8-LTS) for bsd-amd64 JRE (11.0.17+8-LTS), built on Oct 12 2022 23:29:55 by "ec2user" with clang Apple LLVM 13.0.0 (clang-1300.0.29.30)

END.
